281 174 9 2
282 174 9 5
283 174 9 3
283 175 9 1
278 174 9 1
279 174 9 1
280 174 9 9
277 174 9 1
276 174 9 3
275 174 9 9
278 175 9 5
278 176 9 162
277 176 9 162
279 176 9 198
279 175 9 22
277 177 9 153
279 176 9 198
280 176 9 49
280 175 9 3
279 176 9 198
280 176 9 49
281 176 9 3
278 177 9 548
278 177 9 548
278 177 9 548
279 177 9 3662
279 177 9 3662
280 177 9 135
280 177 9 135
281 177 9 4
278 178 9 147
279 177 9 3662
279 177 9 3662
279 178 9 459
279 178 9 459
280 178 9 122
280 178 9 122
281 178 9 11
279 177 9 3662
279 177 9 3662
278 179 9 378
279 179 9 185
277 178 9 158
277 178 9 158
280 179 9 2
277 175 9 43
281 175 9 5
281 179 9 4
277 179 9 1546
278 174 9 1
276 176 9 161
276 175 9 9
279 174 9 1
280 174 9 9
278 180 9 312
279 180 9 12
277 180 9 264
280 180 9 2
276 177 9 1392
277 174 9 1
276 177 9 1392
276 177 9 1392
276 178 9 181
276 178 9 181
276 179 9 127
282 176 9 1
281 174 9 2
282 177 9 2
282 177 9 2
281 180 9 2
282 178 9 2
282 178 9 2
282 179 9 5
282 175 9 4
276 174 9 3
275 176 9 98
276 180 9 867
275 177 9 685
275 175 9 1
275 177 9 685
282 174 9 5
282 180 9 1
275 178 9 296
275 178 9 296
275 179 9 146
283 176 9 3
283 177 9 2
283 175 9 1
283 178 9 14
283 178 9 14
283 179 9 36
275 180 9 638
275 174 9 9
283 174 9 3
283 180 9 1
274 174 9 1
274 175 9 7
274 176 9 12
274 177 9 175
274 177 9 175
274 177 9 175
274 178 9 1186
274 178 9 1186
274 178 9 1186
274 179 9 231
274 179 9 231
274 180 9 156
276 181 9 75
275 181 9 59
277 181 9 3
277 181 9 3
278 181 9 6
279 181 9 3
280 181 9 2
281 181 9 3
284 177 9 1
284 175 9 2
284 176 9 1
284 178 9 1
282 181 9 2
282 181 9 2
284 179 9 2
283 181 9 1
284 179 9 2
284 180 9 1
284 181 9 3
284 174 9 2
278 176 9 162
279 176 9 198
280 176 9 49
278 177 9 548
278 175 9 5
281 176 9 3
277 176 9 162
279 175 9 22
277 177 9 153
280 175 9 3
277 177 9 153
279 177 9 3662
280 177 9 135
279 177 9 3662
278 178 9 147
278 178 9 147
279 178 9 459
279 177 9 3662
279 178 9 459
280 178 9 122
280 178 9 122
281 177 9 4
279 177 9 3662
279 177 9 3662
281 178 9 11
279 177 9 3662
278 179 9 378
277 178 9 158
277 178 9 158
277 175 9 43
279 179 9 185
280 179 9 2
281 179 9 4
281 175 9 5
277 179 9 1546
276 176 9 161
278 174 9 1
279 174 9 1
278 180 9 312
276 175 9 9
280 174 9 9
279 180 9 12
276 177 9 1392
280 180 9 2
277 180 9 264
276 177 9 1392
276 178 9 181
276 178 9 181
276 177 9 1392
277 174 9 1
282 176 9 1
276 179 9 127
281 180 9 2
282 177 9 2
281 174 9 2
282 178 9 2
282 175 9 4
282 179 9 5
276 174 9 3
275 176 9 98
276 180 9 867
275 177 9 685
275 175 9 1
282 180 9 1
275 177 9 685
282 174 9 5
283 176 9 3
275 178 9 296
275 178 9 296
283 177 9 2
283 177 9 2
275 179 9 146
283 175 9 1
283 178 9 14
283 178 9 14
283 179 9 36
275 174 9 9
275 180 9 638
283 174 9 3
283 180 9 1
275 173 9 2
277 173 9 2
278 173 9 4
279 173 9 2
276 173 9 48
280 173 9 3
276 173 9 48
278 173 9 4
281 173 9 2
279 173 9 2
280 173 9 3
282 173 9 2
283 173 9 3
274 174 9 1
274 173 9 1
274 175 9 7
274 176 9 12
274 177 9 175
274 177 9 175
274 178 9 1186
273 173 9 6
273 174 9 20
273 175 9 77
274 178 9 1186
273 176 9 21
274 179 9 231
273 177 9 18
273 177 9 18
273 178 9 266
272 173 9 17
272 174 9 17
272 175 9 10
273 179 9 189
272 176 9 20
272 176 9 20
272 177 9 334
272 177 9 334
272 177 9 334
271 173 9 26
272 178 9 30
272 178 9 30
271 174 9 71
271 175 9 11
271 174 9 71
271 176 9 8
271 176 9 8
272 179 9 1059
271 177 9 61
271 177 9 61
271 177 9 61
271 178 9 26
271 178 9 26
271 179 9 195
270 174 9 33
270 176 9 13
270 175 9 10
270 173 9 17
270 177 9 48
270 177 9 48
270 178 9 35
270 179 9 144
271 172 9 9
274 172 9 4
270 172 9 12
273 172 9 9
272 172 9 13
275 172 9 4
272 172 9 13
275 172 9 4
272 172 9 13
275 172 9 4
276 172 9 3
276 172 9 3
277 172 9 2
269 172 9 25
278 172 9 1
269 173 9 44
269 174 9 11
269 175 9 25
269 175 9 25
269 175 9 25
269 176 9 167
269 176 9 167
269 177 9 15
268 172 9 23
269 178 9 93
268 175 9 42
268 174 9 54
268 173 9 216
268 173 9 216
268 176 9 38
268 176 9 38
268 176 9 38
267 172 9 10
268 177 9 14
268 177 9 14
267 173 9 81
268 178 9 24
267 173 9 81
267 174 9 19
267 175 9 89
267 174 9 19
267 175 9 89
267 176 9 32
267 176 9 32
267 177 9 80
267 177 9 80
267 178 9 31
272 171 9 27
273 171 9 13
274 171 9 17
275 171 9 33
275 171 9 33
276 171 9 4
269 171 9 6
270 171 9 9
268 171 9 19
271 171 9 27
270 171 9 9
267 171 9 8
267 170 9 15
270 170 9 33
268 170 9 6
271 170 9 4
269 170 9 22
271 170 9 4
268 170 9 6
269 170 9 22
272 170 9 5
272 170 9 5
272 170 9 5
273 170 9 62
273 170 9 62
274 170 9 5
275 170 9 5
266 171 9 34
266 170 9 44
266 172 9 47
266 173 9 6
266 172 9 47
266 174 9 6
266 174 9 6
266 174 9 6
266 175 9 12
266 175 9 12
266 169 9 43
267 169 9 17
267 169 9 17
266 176 9 2
268 169 9 51
268 169 9 51
268 169 9 51
269 169 9 4
269 169 9 4
269 169 9 4
270 169 9 7
270 169 9 7
270 169 9 7
271 169 9 6
271 169 9 6
271 169 9 6
272 169 9 4
272 169 9 4
273 169 9 6
273 169 9 6
274 169 9 2
265 169 9 11
265 170 9 124
265 170 9 124
265 171 9 162
265 172 9 8
265 173 9 10
265 173 9 10
265 173 9 10
265 174 9 23
265 174 9 23
265 175 9 45
264 171 9 52
264 169 9 10
264 170 9 9
264 168 9 7
264 173 9 3
264 172 9 10
265 168 9 11
264 174 9 39
266 168 9 12
264 174 9 39
264 175 9 2
267 168 9 35
268 168 9 15
268 168 9 15
268 168 9 15
269 168 9 72
270 168 9 20
269 168 9 72
269 168 9 72
270 168 9 20
271 168 9 6
271 168 9 6
272 168 9 17
263 168 9 13
263 169 9 12
263 169 9 12
263 170 9 19
263 171 9 3
263 172 9 2
263 172 9 2
262 168 9 59
263 173 9 1
263 173 9 1
262 169 9 21
262 170 9 10
262 170 9 10
262 170 9 10
263 174 9 1
262 171 9 21
262 171 9 21
262 172 9 3
262 172 9 3
262 172 9 3
262 173 9 1
262 167 9 6
262 173 9 1
263 167 9 6
263 167 9 6
264 167 9 4
264 167 9 4
265 167 9 2
264 167 9 4
265 167 9 2
265 167 9 2
262 174 9 1
266 167 9 7
266 167 9 7
267 167 9 6
267 167 9 6
268 167 9 4
269 167 9 4
269 167 9 4
261 167 9 1
261 168 9 1
270 167 9 7
261 169 9 2
261 170 9 3
261 170 9 3
261 170 9 3
261 171 9 5
261 171 9 5
261 171 9 5
261 172 9 2
261 172 9 2
260 167 9 1
260 168 9 1
260 169 9 1
261 173 9 1
260 169 9 1
260 170 9 2
260 171 9 3
260 171 9 3
260 171 9 3
260 172 9 6
260 172 9 6
260 166 9 1
261 166 9 1
260 173 9 1
261 166 9 1
262 166 9 1
262 166 9 1
262 166 9 1
263 166 9 1
263 166 9 1
263 166 9 1
264 166 9 3
264 166 9 3
264 166 9 3
265 166 9 15
265 166 9 15
266 166 9 9
266 166 9 9
267 166 9 16
268 166 9 46
261 174 9 1
260 174 9 1
259 168 9 1
259 172 9 1
259 171 9 1
259 169 9 1
259 170 9 1
259 173 9 1
258 168 9 1
259 174 9 1
258 169 9 1
258 170 9 2
258 171 9 1
258 170 9 2
258 172 9 1
258 167 9 1
258 173 9 1
259 167 9 1
258 174 9 1
257 167 9 2
257 168 9 3
257 169 9 1
257 170 9 2
257 170 9 2
257 171 9 2
257 166 9 1
257 171 9 2
258 166 9 1
259 166 9 1
257 172 9 1
257 172 9 1
257 173 9 1
258 165 9 1
259 165 9 1
259 165 9 1
260 165 9 1
260 165 9 1
261 165 9 1
260 165 9 1
263 165 9 1
262 165 9 1
261 165 9 1
262 165 9 1
264 165 9 1
264 165 9 1
265 165 9 2
266 165 9 3
261 175 9 4
262 175 9 1
263 175 9 1
264 176 9 2
265 176 9 1
263 176 9 1
266 177 9 13
264 177 9 1
265 177 9 1
266 178 9 70
264 178 9 1
264 178 9 1
265 178 9 1
265 178 9 1
266 179 9 12
265 178 9 1
267 179 9 34
265 179 9 4
264 179 9 1
268 179 9 126
269 179 9 477
269 179 9 477
269 179 9 477
266 180 9 40
265 180 9 3
267 180 9 15
264 180 9 1
267 180 9 15
268 180 9 7
269 180 9 17
269 180 9 17
269 180 9 17
270 180 9 72
270 180 9 72
271 180 9 126
271 180 9 126
272 180 9 11
265 181 9 10
272 180 9 11
266 181 9 3
266 181 9 3
273 180 9 68
267 181 9 9
267 181 9 9
267 181 9 9
268 181 9 2
268 181 9 2
268 181 9 2
269 181 9 2
269 181 9 2
269 181 9 2
270 181 9 2
270 181 9 2
271 181 9 1
271 181 9 1
271 181 9 1
272 181 9 19
272 181 9 19
274 180 9 156
274 180 9 156
273 181 9 1
266 182 9 1
274 181 9 2
267 182 9 1
268 182 9 16
268 182 9 16
268 182 9 16
269 182 9 5
269 182 9 5
270 182 9 2
270 182 9 2
270 182 9 2
271 182 9 2
271 182 9 2
272 182 9 3
272 182 9 3
273 182 9 2
273 182 9 2
274 182 9 5
275 181 9 59
275 181 9 59
275 182 9 3
267 183 9 1
268 183 9 2
268 183 9 2
269 183 9 25
270 183 9 4
269 183 9 25
269 183 9 25
270 183 9 4
271 183 9 4
272 183 9 3
272 183 9 3
273 183 9 2
273 183 9 2
274 183 9 1
275 183 9 3
276 181 9 75
276 181 9 75
276 182 9 7
276 182 9 7
276 183 9 1
277 181 9 3
277 181 9 3
277 181 9 3
277 182 9 1
277 182 9 1
278 181 9 6
278 181 9 6
277 183 9 1
278 182 9 3
278 182 9 3
278 183 9 1
279 181 9 3
279 182 9 1
279 182 9 1
279 183 9 1
280 181 9 2
280 181 9 2
280 182 9 1
272 184 9 1
280 182 9 1
273 184 9 1
273 184 9 1
274 184 9 1
274 184 9 1
274 184 9 1
280 183 9 1
275 184 9 1
275 184 9 1
276 184 9 1
277 184 9 1
278 184 9 1
281 181 9 3
281 181 9 3
279 184 9 1
279 184 9 1
281 182 9 2
281 182 9 2
280 184 9 1
281 183 9 1
282 181 9 2
282 181 9 2
282 181 9 2
282 182 9 1
281 184 9 1
282 183 9 1
282 184 9 1
283 181 9 1
283 182 9 1
283 182 9 1
283 183 9 1
284 175 9 2
284 176 9 1
284 177 9 1
284 178 9 1
284 177 9 1
284 179 9 2
284 180 9 1
284 181 9 3
284 174 9 2
284 173 9 7
279 172 9 1
280 172 9 6
279 172 9 1
281 172 9 2
279 172 9 1
281 172 9 2
281 172 9 2
282 172 9 1
282 172 9 1
283 172 9 2
284 172 9 1
285 173 9 1
285 172 9 1
285 174 9 2
285 175 9 3
285 176 9 1
285 177 9 4
277 171 9 10
278 171 9 3
285 178 9 1
278 171 9 3
279 171 9 2
279 171 9 2
279 171 9 2
280 171 9 3
280 171 9 3
280 171 9 3
281 171 9 1
281 171 9 1
281 171 9 1
282 171 9 1
282 171 9 1
282 171 9 1
283 171 9 2
283 171 9 2
284 171 9 1
284 171 9 1
285 171 9 1
285 171 9 1
286 172 9 1
286 171 9 1
286 173 9 1
286 173 9 1
286 174 9 1
286 175 9 5
286 175 9 5
278 170 9 1
286 176 9 2
286 176 9 2
279 170 9 1
279 170 9 1
280 170 9 2
280 170 9 2
281 170 9 1
286 177 9 1
280 170 9 2
281 170 9 1
282 170 9 2
283 170 9 1
283 170 9 1
284 170 9 1
285 170 9 1
286 170 9 1
287 170 9 1
287 171 9 1
287 172 9 1
287 172 9 1
287 173 9 4
287 173 9 4
287 174 9 1
287 174 9 1
287 174 9 1
287 175 9 1
287 175 9 1
288 171 9 1
288 170 9 1
288 172 9 1
287 176 9 1
288 173 9 1
288 173 9 1
288 174 9 1
288 175 9 1
289 170 9 1
288 175 9 1
289 171 9 1
288 176 9 1
289 171 9 1
289 172 9 1
289 173 9 1
289 174 9 1
289 174 9 1
289 174 9 1
141 85 8 3
140 85 8 11
289 175 9 1
289 175 9 1
142 85 8 1
142 85 8 1
143 85 8 1
141 84 8 6
289 176 9 1
140 86 8 4
142 84 8 21
141 86 8 4
142 86 8 11
142 86 8 11
143 84 8 4
142 86 8 11
143 86 8 5
144 85 8 2
143 86 8 5
140 87 8 15
141 87 8 10
141 87 8 10
141 87 8 10
144 86 8 1
140 84 8 6
142 87 8 4
142 87 8 4
142 87 8 4
143 87 8 7
143 87 8 7
143 87 8 7
144 87 8 1
141 88 8 4
142 88 8 3
144 84 8 2
140 88 8 177
143 88 8 4
139 85 8 5
139 86 8 7
141 83 8 2
144 88 8 1
142 83 8 3
139 87 8 37
139 84 8 2
143 83 8 1
141 89 8 90
140 83 8 3
142 89 8 3
143 89 8 6
145 85 8 1
145 86 8 1
140 89 8 125
144 83 8 2
145 84 8 1
145 87 8 1
144 89 8 1
139 83 8 1
145 88 8 1
138 85 8 11
145 83 8 1
138 86 8 122
138 87 8 58
138 84 8 19
146 85 8 1
139 88 8 12541
146 84 8 1
146 86 8 1
145 89 8 1
138 88 8 2964
146 87 8 1
138 83 8 6
146 88 8 1
146 83 8 1
139 88 8 12541
70 42 7 25
146 89 8 1
69 42 7 26
71 42 7 31
138 89 8 3482
72 42 7 3
69 43 7 180
70 43 7 19
70 43 7 19
70 41 7 5
139 89 8 805
69 41 7 13
71 43 7 18
71 43 7 18
71 41 7 3
72 41 7 2
72 43 7 1
71 41 7 3
139 89 8 805
70 44 7 270
71 44 7 9
72 44 7 1
71 44 7 9
73 42 7 1
70 45 7 6
71 45 7 5
73 41 7 2
73 43 7 1
72 45 7 2
68 42 7 347
73 44 7 1
68 43 7 265
70 40 7 10
71 40 7 2
72 40 7 13
69 40 7 2
68 41 7 1308
73 40 7 2
73 45 7 2
74 42 7 1
70 46 7 2
68 44 7 5549
71 46 7 3
74 43 7 5
72 46 7 1
74 44 7 1
69 44 7 28157
68 40 7 72
68 44 7 5549
69 44 7 28157
74 41 7 1
68 45 7 1538
73 46 7 4
69 45 7 1824
67 42 7 187
69 45 7 1824
74 45 7 1
67 43 7 752
67 41 7 1320
74 40 7 1
68 46 7 13
69 46 7 2
67 44 7 1843
67 40 7 96
69 44 7 28157
74 46 7 1
75 42 7 1
67 44 7 1843
75 43 7 1
75 41 7 1
67 45 7 211
67 45 7 211
75 44 7 1
75 44 7 1
67 46 7 9
69 44 7 28157
75 45 7 1
75 40 7 1
66 40 7 14
66 41 7 93
75 46 7 1
66 43 7 328
66 42 7 667
66 42 7 667
66 42 7 667
66 44 7 269
66 44 7 269
66 44 7 269
66 45 7 145
34 20 6 2071
66 45 7 145
35 20 6 22
66 46 7 21
36 20 6 15
33 20 6 1629
34 21 6 540
35 21 6 99
34 21 6 540
34 19 6 78
36 21 6 6
36 21 6 6
37 20 6 1
35 19 6 3
36 19 6 40
37 21 6 6
33 21 6 1475
33 21 6 1475
35 22 6 341
36 22 6 3
33 19 6 19
37 22 6 1
33 22 6 4303
32 20 6 43
33 22 6 4303
35 23 6 3
32 21 6 350
36 23 6 14
37 23 6 17
32 22 6 787
37 19 6 2
34 22 6 37742
32 23 6 84
33 23 6 24
34 23 6 33
34 22 6 37742
34 22 6 37742
33 24 6 5
34 24 6 4
34 22 6 37742
35 24 6 1
32 19 6 1
38 20 6 11
36 24 6 19
38 21 6 1
37 24 6 5
38 21 6 1
34 22 6 37742
38 22 6 1
38 23 6 2
34 22 6 37742
38 19 6 7
32 24 6 38
31 20 6 17
31 21 6 364
31 21 6 364
34 25 6 12
31 22 6 15
35 25 6 1
31 22 6 15
36 25 6 3
31 19 6 25
31 23 6 16
33 25 6 1
38 24 6 3
31 24 6 53
39 20 6 3
39 19 6 2
32 25 6 1
39 21 6 1
37 25 6 5
39 22 6 1
39 22 6 1
39 23 6 1
38 25 6 3
31 25 6 10
40 19 6 1
39 24 6 1
39 24 6 1
40 20 6 3
40 21 6 1
40 20 6 3
39 25 6 1
40 22 6 1
40 22 6 1
40 22 6 1
40 23 6 1
40 23 6 1
40 23 6 1
41 20 6 1
41 19 6 1
40 24 6 1
40 24 6 1
41 21 6 1
41 21 6 1
40 25 6 1
41 22 6 1
41 22 6 1
41 23 6 1
41 23 6 1
41 23 6 1
41 24 6 1
41 24 6 1
41 25 6 1
31 18 6 1
32 18 6 2
34 18 6 11
33 18 6 79
36 18 6 60
35 18 6 340
33 18 6 79
33 18 6 79
37 18 6 5
35 18 6 340
37 18 6 5
38 18 6 1
39 18 6 1
30 18 6 1
30 19 6 1
30 20 6 35
30 21 6 4
30 22 6 1
30 23 6 7
30 23 6 7
30 24 6 4
137 87 8 16
137 86 8 6
136 86 8 46
136 87 8 137
137 88 8 986
136 88 8 937
136 88 8 937
137 88 8 986
137 88 8 986
138 90 8 1564
137 85 8 73
136 89 8 3112
137 89 8 2357
139 90 8 472
140 90 8 4
137 89 8 2357
136 90 8 89
137 90 8 940
137 90 8 940
136 85 8 120
137 89 8 2357
135 87 8 210
141 90 8 2
135 88 8 109
135 86 8 32
137 91 8 6
138 91 8 12
138 91 8 12
139 91 8 3
136 91 8 5
135 89 8 352
139 91 8 3
135 89 8 352
140 91 8 2
135 90 8 185
135 85 8 63
141 91 8 1
142 90 8 4
142 90 8 4
135 91 8 6
142 91 8 2
143 90 8 2
143 90 8 2
134 85 8 47
143 91 8 1
134 87 8 109
134 86 8 501
134 86 8 501
134 88 8 293
134 88 8 293
134 88 8 293
134 89 8 1157
134 84 8 116
135 84 8 54
134 90 8 26
136 84 8 43
134 89 8 1157
137 84 8 151
134 91 8 48
134 89 8 1157
137 84 8 151
65 42 7 261
65 43 7 13
65 41 7 23
68 47 7 16
67 47 7 4
65 44 7 3
69 47 7 2
69 47 7 2
69 47 7 2
65 44 7 3
70 47 7 1
70 47 7 1
65 45 7 31
71 47 7 1
65 46 7 15
66 47 7 1
65 46 7 15
65 40 7 1
72 47 7 15
65 47 7 2
72 47 7 15
73 47 7 2
64 41 7 5
64 40 7 1
64 42 7 12
64 43 7 5
64 44 7 364
64 39 7 1
64 44 7 364
64 44 7 364
65 39 7 1
64 45 7 3
64 45 7 3
66 39 7 1
64 46 7 8
67 39 7 13
67 39 7 13
67 39 7 13
68 39 7 14
68 39 7 14
68 39 7 14
69 39 7 8
69 39 7 8
70 39 7 1
70 39 7 1
71 39 7 2
71 39 7 2
63 39 7 3
72 39 7 31
63 40 7 4
63 41 7 10
63 42 7 241
63 42 7 241
63 43 7 6
63 43 7 6
63 44 7 9
63 44 7 9
63 45 7 2
133 82 8 16
132 83 8 30
133 83 8 32
134 83 8 114
134 82 8 33
132 82 8 2
133 83 8 32
135 83 8 49
134 82 8 33
135 83 8 49
135 82 8 480
132 84 8 21
136 83 8 6
132 84 8 21
133 84 8 107
136 82 8 31
135 82 8 480
133 84 8 107
133 84 8 107
133 85 8 78
132 85 8 394
133 81 8 9
134 81 8 40
134 81 8 40
132 86 8 16
133 86 8 203
135 81 8 79
135 81 8 79
137 83 8 446
136 81 8 4
133 86 8 203
137 82 8 10
132 81 8 1
131 82 8 1
131 83 8 10
137 81 8 6
131 84 8 147
133 87 8 134
131 85 8 50
131 85 8 50
131 86 8 5
131 81 8 1
132 87 8 89
138 82 8 6
138 81 8 1
131 87 8 1
139 82 8 1
130 81 8 1
139 81 8 1
130 82 8 1
130 82 8 1
130 83 8 1
130 84 8 4
130 85 8 7
130 85 8 7
130 85 8 7
130 86 8 10
130 86 8 10
130 80 8 1
131 80 8 1
130 87 8 4
131 80 8 1
132 80 8 1
132 80 8 1
132 80 8 1
133 80 8 2
133 80 8 2
133 80 8 2
134 80 8 5
134 80 8 5
134 80 8 5
135 80 8 7
135 80 8 7
135 80 8 7
136 80 8 52
136 80 8 52
137 80 8 21
138 80 8 1
66 38 7 3
67 38 7 2
68 38 7 49
65 38 7 1
69 38 7 6
64 38 7 1
70 38 7 1
63 38 7 1
71 38 7 1
29 19 6 1
29 20 6 1
29 18 6 1
29 21 6 1
29 22 6 1
29 23 6 1
29 24 6 1
30 25 6 2
29 25 6 1
28 19 6 1
28 20 6 1
28 22 6 1
28 21 6 1
28 18 6 1
28 23 6 1
28 23 6 1
28 24 6 1
28 24 6 1
28 25 6 4
30 26 6 1
29 26 6 7
31 26 6 1
32 26 6 1
31 26 6 1
33 26 6 1
33 26 6 1
33 26 6 1
34 26 6 1
34 26 6 1
35 26 6 1
35 26 6 1
36 26 6 1
37 26 6 3
38 26 6 1
30 27 6 1
33 27 6 1
35 27 6 1
34 27 6 1
32 27 6 1
31 27 6 1
31 27 6 1
34 27 6 1
36 27 6 1
36 27 6 1
37 27 6 1
39 26 6 1
39 26 6 1
38 27 6 1
39 27 6 1
40 26 6 1
15 9 5 28
16 9 5 100
15 11 5 22
15 10 5 860
16 9 5 100
17 9 5 422
17 9 5 422
18 9 5 57
16 10 5 2571
16 11 5 7297
16 11 5 7297
16 10 5 2571
17 10 5 2395
16 10 5 2571
16 10 5 2571
18 10 5 18
18 10 5 18
17 10 5 2395
17 11 5 70338
15 12 5 93
16 12 5 65
17 12 5 14
15 13 5 1
16 13 5 1
17 13 5 1
17 11 5 70338
14 10 5 1
14 11 5 1
19 10 5 23
14 12 5 4
18 11 5 29
17 11 5 70338
19 11 5 2
17 11 5 70338
18 12 5 25
14 9 5 1
19 12 5 3
18 13 5 4
17 11 5 70338
17 11 5 70338
14 13 5 7
19 9 5 16
15 8 5 1
16 8 5 12
16 8 5 12
17 8 5 8
17 8 5 8
19 13 5 1
18 8 5 4
14 8 5 6
15 14 5 1
16 14 5 1
16 14 5 1
17 14 5 1
17 14 5 1
18 14 5 1
13 10 5 1
19 8 5 1
13 9 5 1
13 11 5 1
20 10 5 3
13 12 5 1
13 12 5 1
20 11 5 1
14 14 5 1
13 13 5 1
20 12 5 1
20 9 5 1
19 14 5 3
13 8 5 1
20 13 5 9
20 8 5 1
13 14 5 1
21 10 5 1
21 9 5 1
20 14 5 1
21 11 5 1
21 12 5 1
21 8 5 1
21 12 5 1
21 12 5 1
21 13 5 1
21 13 5 1
21 14 5 1
13 15 5 1
15 15 5 1
16 15 5 1
18 15 5 1
14 15 5 1
17 15 5 1
16 15 5 1
14 15 5 1
17 15 5 1
19 15 5 1
19 15 5 1
20 15 5 1
21 15 5 1
6 5 4 1
7 4 4 42
6 4 4 1
7 5 4 916
8 4 4 528
8 4 4 528
9 4 4 102
7 5 4 916
8 4 4 528
10 4 4 2
8 5 4 90185
8 5 4 90185
9 5 4 48
10 5 4 3
6 6 4 1
8 6 4 67
9 6 4 39
7 6 4 104
10 6 4 9
8 7 4 1
9 7 4 3
7 3 4 1
10 7 4 1
8 3 4 2
9 3 4 1
6 3 4 1
7 7 4 1
7 8 4 1
8 8 4 1
10 3 4 1
9 8 4 1
8 5 4 90185
6 7 4 1
8 5 4 90185
6 8 4 3
8 5 4 90185
10 8 4 4
8 5 4 90185
5 4 4 1
11 4 4 1
5 5 4 4
11 5 4 2
5 3 4 1
5 5 4 4
11 6 4 17
11 6 4 17
5 6 4 1
5 6 4 1
11 7 4 5
5 7 4 3
11 3 4 1
5 8 4 1
11 8 4 1
7 9 4 1
6 9 4 15
4 4 4 1
8 9 4 10
8 9 4 10
8 9 4 10
9 9 4 6
9 9 4 6
12 4 4 1
4 5 4 162
4 5 4 162
10 9 4 1
12 5 4 1
4 6 4 446
4 6 4 446
4 3 4 1
12 6 4 3
12 6 4 3
4 7 4 6
12 3 4 1
12 7 4 49
5 9 4 21
11 9 4 1
4 8 4 2
4 8 4 2
12 8 4 1
4 9 4 7
13 3 4 1
13 4 4 1
12 9 4 1
13 5 4 2
13 5 4 2
13 6 4 69
13 7 4 2
13 8 4 1
13 8 4 1
13 9 4 11
5 2 4 1
6 2 4 1
8 2 4 1
7 2 4 1
4 2 4 1
9 2 4 1
7 2 4 1
7 2 4 1
10 2 4 1
10 2 4 1
11 2 4 1
12 2 4 1
13 2 4 1
2 1 3 1
2 2 3 223
3 0 3 1
3 1 3 1
4 1 3 2
3 2 3 541
3 1 3 1
3 2 3 541
4 1 3 2
4 0 3 1
5 1 3 1
5 1 3 1
5 0 3 1
6 1 3 1
4 2 3 104949
4 2 3 104949
5 2 3 4
6 2 3 2
4 3 3 63
5 3 3 16
6 3 3 70
6 3 3 70
4 4 3 10
5 4 3 4
6 4 3 13
2 0 3 1
6 0 3 1
4 2 3 104949
3 3 3 126
3 4 3 15
4 2 3 104949
3 5 3 1
4 5 3 1
1 1 3 1
5 5 3 1
4 2 3 104949
2 3 3 553
4 2 3 104949
1 2 3 128
1 2 3 128
2 4 3 21
1 3 3 413
1 3 3 413
2 5 3 1
1 4 3 1
6 5 3 1
7 1 3 1
1 0 3 1
7 2 3 1
7 2 3 1
7 0 3 1
7 3 3 20
7 3 3 20
1 5 3 1
7 4 3 113
3 6 3 1
4 6 3 1
5 6 3 1
0 1 3 1
0 2 3 1
7 5 3 18
2 6 3 1
0 3 3 15
0 0 3 1
0 3 3 15
6 6 3 1
0 4 3 1
8 1 3 1
8 2 3 1
8 2 3 1
8 3 3 1
8 3 3 1
0 5 3 1
8 0 3 1
1 6 3 1
8 4 3 1
7 6 3 1
8 5 3 1
-1 0 3 1
-1 1 3 1
-1 2 3 1
0 6 3 1
8 6 3 1
-1 3 3 1
-1 4 3 1
-1 4 3 1
-1 4 3 1
-1 5 3 1
-1 5 3 1
-1 6 3 1
14 4 4 1
14 5 4 1
14 6 4 19
14 6 4 19
14 7 4 1
14 3 4 1
14 7 4 1
14 8 4 1
14 8 4 1
14 9 4 90
22 10 5 1
22 9 5 1
22 11 5 1
22 12 5 1
22 13 5 13
22 14 5 3
22 14 5 3
22 15 5 1
67 48 7 4
68 48 7 2
69 48 7 4
70 48 7 1
66 48 7 2
71 48 7 1
65 48 7 3
72 48 7 4
72 48 7 4
73 48 7 1
136 92 8 4
137 92 8 2
137 92 8 2
138 92 8 1
138 92 8 1
135 92 8 6
139 92 8 1
134 92 8 4
140 92 8 1
136 93 8 12
135 93 8 3
137 93 8 4
137 93 8 4
137 93 8 4
138 93 8 1
138 93 8 1
138 93 8 1
139 93 8 2
139 93 8 2
140 93 8 1
134 93 8 1
141 92 8 1
141 93 8 1
142 92 8 2
142 92 8 2
142 93 8 1
551 353 10 67
550 353 10 35
550 354 10 110
551 354 10 95
551 355 10 264
552 353 10 60
552 353 10 60
552 354 10 590
551 354 10 95
553 353 10 109
552 355 10 117
553 354 10 90
552 354 10 590
550 355 10 177
550 355 10 177
553 354 10 90
554 354 10 43
553 355 10 173
550 356 10 74
554 355 10 110
551 356 10 171
551 356 10 171
551 356 10 171
552 356 10 108
552 356 10 108
552 356 10 108
552 356 10 108
553 356 10 29
553 356 10 29
553 356 10 29
554 353 10 53
550 357 10 108
551 357 10 83
554 356 10 81
551 357 10 83
552 357 10 130
552 357 10 130
553 357 10 35
549 354 10 134
551 352 10 7
552 352 10 1
549 355 10 56
549 353 10 5
550 352 10 5
553 352 10 1
554 357 10 48
549 356 10 498
549 356 10 498
549 357 10 103
554 352 10 45
549 352 10 4
555 354 10 86
551 358 10 60
550 358 10 91
552 358 10 55
555 355 10 58
553 358 10 31
555 353 10 80
555 356 10 70
548 354 10 10
554 358 10 144
548 355 10 36
548 353 10 3
555 357 10 33
548 356 10 112
555 352 10 60
549 358 10 88
548 352 10 11
548 357 10 32
556 354 10 227
556 353 10 102
555 358 10 147
556 355 10 314
548 358 10 160
556 355 10 314
556 352 10 27
556 356 10 14
556 356 10 14
556 357 10 73
556 357 10 73
556 358 10 32
557 352 10 45
557 353 10 118
557 354 10 174
557 355 10 66
557 354 10 174
557 354 10 174
557 356 10 56
557 355 10 66
549 351 10 3
557 357 10 116
557 357 10 116
550 351 10 1
557 358 10 85
551 351 10 1
552 351 10 1
552 351 10 1
553 351 10 6
553 351 10 6
553 351 10 6
554 351 10 23
554 351 10 23
554 351 10 23
555 351 10 9
555 351 10 9
556 351 10 1
556 351 10 1
557 351 10 1
144 90 8 1
144 90 8 1
143 92 8 1
144 91 8 1
144 91 8 1
144 92 8 1
74 47 7 7
0 0 2 1
1 0 2 1
2 0 2 1
0 -1 2 1
-1 0 2 1
-1 -1 2 1
2 0 2 1
0 1 2 602
1 -1 2 1
3 0 2 1
1 -1 2 1
0 1 2 602
2 -1 2 1
-1 1 2 1
1 1 2 783
1 1 2 783
1 1 2 783
1 1 2 783
-1 2 2 1
0 2 2 1
1 2 2 25
3 -1 2 1
-1 3 2 1
0 3 2 1
1 3 2 1
2 1 2 177127
2 2 2 12
2 1 2 177127
4 0 2 1
2 3 2 1
3 1 2 83
4 1 2 1
3 2 2 117
4 2 2 1
0 4 2 1
1 4 2 1
2 4 2 1
4 -1 2 1
3 3 2 1
2 1 2 177127
4 3 2 1
2 1 2 177127
2 1 2 177127
2 1 2 177127
558 352 10 61
558 353 10 34
558 356 10 251
558 357 10 102
558 354 10 681
558 358 10 96
558 354 10 681
558 354 10 681
558 355 10 1275
558 355 10 1275
558 355 10 1275
559 353 10 93
559 352 10 22
559 355 10 146
559 354 10 99
559 356 10 161
559 354 10 99
560 352 10 3
559 356 10 161
559 357 10 47
560 353 10 21
559 358 10 18
560 354 10 11
560 355 10 73
560 355 10 73
560 355 10 73
560 356 10 63
561 352 10 1
560 357 10 28
560 357 10 28
561 353 10 1
560 358 10 1
561 354 10 2
561 354 10 2
561 354 10 2
561 355 10 4
561 355 10 4
561 355 10 4
561 356 10 8
561 356 10 8
561 356 10 8
561 357 10 1
561 357 10 1
562 352 10 2
562 353 10 3
562 354 10 2
561 358 10 1
562 354 10 2
562 355 10 2
562 355 10 2
562 355 10 2
562 356 10 1
562 356 10 1
562 356 10 1
562 357 10 8
562 357 10 8
554 359 10 116
562 358 10 1
555 359 10 643
556 359 10 182
555 359 10 643
557 359 10 93
556 359 10 182
557 359 10 93
558 359 10 38
558 359 10 38
559 359 10 5
559 359 10 5
560 359 10 1
561 359 10 1
563 353 10 1
563 354 10 1
562 359 10 2
563 355 10 1
563 354 10 1
563 356 10 3
563 357 10 1
563 357 10 1
563 357 10 1
563 358 10 1
563 358 10 1
563 359 10 1
563 352 10 2
564 352 10 1
564 355 10 1
564 354 10 1
564 353 10 1
564 356 10 1
564 357 10 2
564 358 10 1
1115 708 11 13
1115 710 11 32
1114 709 11 21
1115 709 11 64
1116 708 11 83
1116 709 11 211
1115 709 11 64
1117 708 11 36
1116 709 11 211
1114 710 11 31
1116 710 11 324
1117 709 11 260
1117 709 11 260
1116 710 11 324
1117 709 11 260
1118 709 11 30
1116 710 11 324
1114 711 11 10
1117 710 11 417
1115 711 11 18
1118 710 11 40
1117 710 11 417
1117 710 11 417
1117 710 11 417
1116 711 11 145
1117 710 11 417
1117 711 11 53
1117 711 11 53
1117 711 11 53
1117 711 11 53
1118 711 11 20
1118 711 11 20
1115 712 11 39
1118 708 11 23
1116 712 11 47
1116 712 11 47
1114 712 11 16
1117 712 11 28
1117 712 11 28
1118 712 11 20
1119 709 11 41
1119 710 11 19
1119 711 11 74
1115 713 11 23
1119 712 11 38
1114 708 11 21
1116 713 11 96
1119 708 11 18
1116 713 11 96
1117 713 11 63
1117 713 11 63
1114 713 11 16
1118 713 11 78
1119 713 11 25
1113 709 11 46
1113 710 11 21
1120 709 11 7
1113 711 11 29
1120 710 11 34
1113 711 11 29
1115 714 11 56
1120 710 11 34
1116 714 11 18
1113 712 11 7
1120 711 11 9
1120 711 11 9
1113 708 11 31
1117 714 11 66
1120 712 11 24
1120 708 11 1
1118 714 11 22
1113 713 11 3
1114 714 11 33
1120 713 11 39
1119 714 11 11
1121 709 11 1
1113 714 11 3
1121 710 11 7
1121 708 11 1
1121 711 11 8
1121 711 11 8
1121 711 11 8
1120 714 11 11
1121 712 11 9
1121 712 11 9
1121 712 11 9
1121 713 11 1
1121 713 11 1
1112 708 11 102
1112 709 11 14
1121 714 11 1
1112 710 11 151
1112 711 11 21
1112 710 11 151
1112 710 11 151
1112 712 11 11
1112 712 11 11
1112 712 11 11
1112 713 11 7
1112 713 11 7
1112 714 11 6
285 179 9 1
285 179 9 1
285 180 9 1
286 178 9 3
286 179 9 1
145 90 8 1
145 91 8 1
75 47 7 1
40 27 6 2
32 28 6 1
33 28 6 1
34 28 6 1
38 28 6 2
39 28 6 1
40 28 6 1
35 28 6 1
36 28 6 1
37 28 6 1
37 28 6 1
37 28 6 1
41 26 6 1
41 27 6 6
41 28 6 1
74 48 7 2
75 48 7 3
76 46 7 1
76 47 7 1
73 49 7 1
76 48 7 1
73 49 7 1
74 49 7 3
76 48 7 1
74 49 7 3
75 49 7 1
75 49 7 1
75 49 7 1
76 49 7 3
72 49 7 14
76 45 7 1
73 50 7 1
74 50 7 1
75 50 7 5
77 46 7 2
76 50 7 1
77 47 7 1
77 47 7 1
72 50 7 3
77 48 7 1
77 48 7 1
77 45 7 1
77 49 7 1
71 49 7 1
77 50 7 1
73 51 7 1
74 51 7 1
78 46 7 1
71 50 7 1
75 51 7 1
75 51 7 1
78 47 7 1
78 47 7 1
72 51 7 1
76 51 7 3
78 48 7 1
78 48 7 1
78 45 7 1
78 49 7 1
77 51 7 1
71 51 7 1
78 50 7 1
78 50 7 1
79 46 7 1
79 47 7 1
79 45 7 1
78 51 7 1
79 48 7 1
79 48 7 1
79 49 7 1
79 48 7 1
79 50 7 1
79 51 7 1
23 10 5 1
23 13 5 2
23 12 5 1
23 11 5 1
23 9 5 1
23 14 5 5
23 15 5 1
15 7 5 1
14 7 5 1
13 7 5 1
16 7 5 1
18 7 5 1
17 7 5 2
17 7 5 2
19 7 5 1
19 7 5 1
20 7 5 1
21 7 5 1
12 8 5 1
12 9 5 1
12 10 5 1
12 11 5 1
12 12 5 1
12 13 5 1
12 13 5 1
12 14 5 1
64 47 7 79
64 47 7 79
64 48 7 19
1116 707 11 6
1117 707 11 19
1115 707 11 45
1118 707 11 55
1118 707 11 55
1119 707 11 33
1114 707 11 21
1120 707 11 8
1113 707 11 28
1121 707 11 1
2233 1418 12 38
2232 1418 12 13
2233 1419 12 71
2234 1418 12 24
2234 1419 12 76
2234 1418 12 24
2235 1418 12 15
2234 1419 12 76
2235 1419 12 31
2232 1419 12 10
2235 1419 12 31
2235 1419 12 31
2236 1419 12 6
2233 1420 12 100
2232 1420 12 33
2232 1420 12 33
2234 1420 12 130
2234 1420 12 130
2234 1420 12 130
2234 1420 12 130
2235 1420 12 30
2235 1420 12 30
2235 1420 12 30
2234 1420 12 130
2235 1420 12 30
2234 1420 12 130
2236 1420 12 19
2233 1421 12 30
2232 1421 12 16
2234 1421 12 27
2233 1421 12 30
2234 1421 12 27
2234 1421 12 27
2235 1421 12 26
2235 1421 12 26
2235 1421 12 26
2236 1421 12 5
2236 1418 12 14
2233 1422 12 43
2232 1422 12 14
2234 1422 12 18
2234 1422 12 18
2235 1422 12 20
2233 1417 12 24
2231 1419 12 10
2234 1417 12 14
2236 1422 12 13
2232 1417 12 22
2235 1417 12 13
2231 1420 12 10
2231 1418 12 12
2236 1417 12 17
2231 1421 12 5
2237 1419 12 5
2237 1420 12 17
2237 1421 12 10
2237 1418 12 14
2231 1422 12 7
2231 1417 12 7
2233 1423 12 20
2232 1423 12 55
2234 1423 12 12
2234 1423 12 12
2235 1423 12 14
2237 1422 12 5
2237 1417 12 6
2236 1423 12 8
2230 1419 12 9
2230 1418 12 32
2230 1420 12 13
2231 1423 12 3
2230 1421 12 5
2230 1421 12 5
2230 1422 12 11
2238 1419 12 4
2237 1423 12 7
2238 1418 12 14
2238 1420 12 4
2230 1417 12 3
2238 1421 12 9
2238 1421 12 9
2238 1417 12 14
2238 1422 12 7
2230 1423 12 7
2238 1423 12 27
4467 2838 13 10
4468 2838 13 14
4466 2839 13 10
4467 2839 13 27
4468 2839 13 27
4467 2840 13 34
4469 2838 13 16
4468 2838 13 14
4469 2839 13 18
4467 2839 13 27
4470 2838 13 11
4469 2838 13 16
4468 2839 13 27
4470 2839 13 12
4466 2840 13 18
4470 2839 13 12
4468 2840 13 41
4469 2840 13 25
4469 2840 13 25
4468 2840 13 41
4468 2840 13 41
4468 2840 13 41
4470 2840 13 12
4468 2840 13 41
4470 2840 13 12
4467 2841 13 37
4467 2841 13 37
4466 2841 13 19
4468 2841 13 32
4468 2841 13 32
4468 2841 13 32
4468 2841 13 32
4469 2841 13 22
4469 2841 13 22
4469 2841 13 22
4470 2841 13 4
4466 2838 13 4
4467 2842 13 15
4468 2842 13 15
4468 2842 13 15
4469 2842 13 13
4469 2842 13 13
4470 2842 13 14
4471 2839 13 12
4466 2842 13 11
4471 2840 13 10
4471 2841 13 2
4471 2838 13 5
4468 2837 13 15
4467 2837 13 17
4469 2837 13 13
4469 2837 13 13
4465 2839 13 5
4470 2837 13 7
4467 2843 13 10
4471 2842 13 6
4465 2840 13 13
4468 2843 13 8
4469 2843 13 7
4465 2841 13 8
4466 2837 13 6
4465 2838 13 2
4470 2843 13 6
4471 2837 13 6
4466 2843 13 11
4465 2842 13 6
4471 2843 13 2
4465 2837 13 3
4472 2839 13 4
4472 2840 13 11
4472 2838 13 2
4465 2843 13 8
4472 2837 13 6
4472 2841 13 5
4472 2841 13 5
4472 2842 13 1
4472 2842 13 1
4472 2843 13 3
4473 2839 13 2
4473 2838 13 2
4473 2840 13 5
4473 2837 13 4
4473 2840 13 5
4473 2841 13 4
4473 2841 13 4
4473 2842 13 1
4473 2842 13 1
4473 2843 13 3
4469 2844 13 7
4468 2844 13 7
4467 2844 13 13
4466 2844 13 18
4465 2844 13 9
4470 2844 13 7
4470 2844 13 7
4470 2844 13 7
4471 2844 13 1
4471 2844 13 1
4472 2844 13 5
4473 2844 13 4
8937 5680 14 16
8936 5680 14 13
8936 5679 14 12
8937 5681 14 15
8935 5680 14 13
8936 5681 14 18
8938 5680 14 8
8938 5680 14 8
8937 5679 14 9
8938 5681 14 13
8938 5681 14 13
8939 5680 14 6
8938 5679 14 8
8935 5681 14 17
8938 5681 14 13
8939 5681 14 2
8936 5682 14 14
8937 5682 14 12
8935 5682 14 16
8937 5682 14 12
8936 5682 14 14
8938 5682 14 11
8937 5682 14 12
8938 5682 14 11
8938 5682 14 11
8939 5682 14 9
8939 5682 14 9
8936 5683 14 8
8937 5683 14 8
8937 5683 14 8
8938 5683 14 7
8939 5679 14 10
8938 5683 14 7
8939 5683 14 6
8940 5680 14 6
8935 5683 14 8
8936 5684 14 5
8940 5681 14 4
8937 5684 14 6
8938 5684 14 4
8940 5682 14 2
8935 5679 14 14
8940 5683 14 3
8939 5684 14 8
8940 5679 14 5
8934 5680 14 8
8935 5684 14 8
8934 5681 14 9
8934 5681 14 9
8934 5679 14 7
8940 5684 14 4
8934 5682 14 12
8934 5682 14 12
8941 5680 14 5
8941 5681 14 2
8934 5683 14 7
8936 5685 14 5
8941 5682 14 2
8937 5685 14 5
8938 5685 14 5
8941 5683 14 2
8941 5679 14 4
8939 5685 14 1
8934 5684 14 8
8935 5685 14 5
8941 5684 14 6
8940 5685 14 2
8934 5685 14 7
8942 5681 14 2
8942 5680 14 6
8941 5685 14 5
8942 5682 14 1
8942 5679 14 7
8942 5682 14 1
8942 5682 14 1
8942 5683 14 1
8942 5683 14 1
8942 5683 14 1
8942 5684 14 3
8942 5684 14 3
8942 5685 14 3
35747 22722 16 4
35748 22722 16 4
35748 22722 16 4
35749 22722 16 3
35747 22721 16 4
35748 22721 16 3
35749 22722 16 3
35748 22721 16 3
35749 22721 16 3
35747 22723 16 4
35750 22722 16 6
35750 22721 16 3
35748 22723 16 4
35749 22723 16 4
35748 22723 16 4
35749 22723 16 4
35749 22723 16 4
35750 22723 16 5
35750 22723 16 5
35747 22724 16 4
35747 22724 16 4
35748 22724 16 5
35748 22724 16 5
35748 22724 16 5
35749 22724 16 4
35749 22724 16 4
35749 22724 16 4
35750 22724 16 3
35747 22725 16 3
35748 22725 16 5
35749 22725 16 5
35750 22725 16 3
35746 22722 16 3
35746 22723 16 4
35746 22724 16 3
35751 22722 16 4
35751 22723 16 3
35751 22724 16 3
35746 22721 16 4
35751 22721 16 3
35747 22720 16 3
35748 22720 16 3
35748 22720 16 3
35749 22720 16 2
35749 22720 16 2
35750 22720 16 3
35746 22725 16 3
35751 22725 16 5
35746 22720 16 3
35751 22720 16 3
35747 22726 16 3
35748 22726 16 4
35748 22726 16 4
35749 22726 16 4
35745 22722 16 4
35749 22726 16 4
35750 22726 16 4
35745 22723 16 3
35745 22724 16 3
35752 22722 16 3
35752 22723 16 3
35752 22724 16 4
35745 22721 16 3
35752 22721 16 2
35746 22726 16 4
35751 22726 16 4
35745 22720 16 3
35745 22725 16 4
35752 22725 16 4
35752 22720 16 2
35745 22726 16 5
8936 5678 14 8
8937 5678 14 9
8938 5678 14 6
8935 5678 14 8
8939 5678 14 10
8934 5678 14 8
8940 5678 14 6
8933 5679 14 5
8933 5680 14 4
8933 5681 14 9
8933 5682 14 11
8933 5678 14 4
8933 5683 14 9
8941 5678 14 5
8933 5684 14 5
8942 5678 14 7
8935 5677 14 5
8936 5677 14 9
8936 5677 14 9
8937 5677 14 6
8938 5677 14 9
8937 5677 14 6
8937 5677 14 6
8939 5677 14 6
8939 5677 14 6
8940 5677 14 7
8940 5677 14 7
8941 5677 14 4
8942 5677 14 2
8943 5677 14 2
8943 5678 14 4
8943 5679 14 5
8943 5679 14 5
8943 5680 14 5
8943 5680 14 5
8943 5681 14 5
8943 5682 14 1
8934 5677 14 3
8943 5683 14 2
8944 5677 14 2
8944 5678 14 2
8944 5679 14 3
8944 5680 14 7
8944 5681 14 3
8944 5682 14 3
8944 5683 14 1
8936 5676 14 3
8937 5676 14 6
8937 5676 14 6
8938 5676 14 6
8938 5676 14 6
8938 5676 14 6
8939 5676 14 5
8939 5676 14 5
8940 5676 14 5
8941 5676 14 2
8942 5676 14 3
8943 5676 14 1
8944 5676 14 2
8944 5676 14 2
8945 5677 14 1
8945 5678 14 2
8945 5676 14 1
8945 5679 14 1
8945 5680 14 1
8945 5678 14 2
8945 5681 14 5
8945 5681 14 5
8945 5682 14 3
8946 5676 14 2
8946 5677 14 1
8946 5678 14 2
8946 5679 14 1
8946 5679 14 1
8946 5680 14 1
17883 11358 15 3
17884 11358 15 4
8946 5681 14 3
17883 11357 15 4
17885 11358 15 3
17882 11358 15 3
8946 5682 14 3
17884 11357 15 4
17883 11359 15 2
17882 11357 15 4
17885 11357 15 2
17882 11359 15 3
17884 11359 15 2
17884 11359 15 2
17886 11358 15 2
17885 11359 15 3
17885 11359 15 3
17886 11359 15 1
17882 11360 15 3
17883 11360 15 3
17883 11360 15 3
17884 11360 15 3
17886 11357 15 3
17884 11360 15 3
17884 11360 15 3
17885 11360 15 1
17885 11360 15 1
17886 11360 15 1
17883 11361 15 4
17883 11356 15 3
17884 11361 15 3
17884 11356 15 2
17885 11361 15 3
17885 11356 15 2
17882 11356 15 2
17882 11361 15 2
17881 11358 15 3
17881 11359 15 3
17881 11360 15 3
17881 11357 15 3
17886 11356 15 2
17886 11361 15 2
17881 11356 15 4
17887 11358 15 2
17881 11361 15 3
17887 11359 15 4
17887 11357 15 1
17887 11360 15 1
17882 11362 15 2
17883 11362 15 2
17880 11358 15 3
17880 11357 15 3
17883 11362 15 2
17884 11362 15 1
17880 11359 15 3
17885 11362 15 1
17880 11360 15 4
17887 11356 15 1
17887 11361 15 3
17880 11356 15 4
17881 11362 15 2
17886 11362 15 2
17880 11361 15 2
17888 11358 15 1
17888 11357 15 2
17888 11359 15 3
17888 11360 15 3
17880 11362 15 2
17887 11362 15 3
17888 11356 15 2
17888 11361 15 3
17888 11361 15 3
35767 22717 16 2
35767 22716 16 2
35768 22717 16 1
17888 11362 15 2
35768 22716 16 3
35769 22717 16 2
35769 22716 16 2
35766 22717 16 2
35767 22718 16 1
35766 22716 16 1
35770 22717 16 2
35768 22718 16 1
35768 22718 16 1
35766 22718 16 1
35769 22718 16 1
35770 22716 16 2
35769 22718 16 1
35769 22718 16 1
35770 22718 16 2
35767 22719 16 1
35766 22719 16 2
35768 22719 16 2
35768 22719 16 2
35768 22719 16 2
35769 22719 16 1
35769 22719 16 1
35767 22715 16 1
35770 22719 16 2
35768 22715 16 3
35767 22720 16 1
35769 22715 16 2
35766 22715 16 2
35768 22720 16 2
35765 22717 16 2
35769 22720 16 2
35766 22720 16 1
35765 22716 16 2
35765 22718 16 2
35765 22719 16 2
35770 22715 16 1
35765 22715 16 1
35770 22720 16 1
35765 22720 16 2
35771 22716 16 2
35771 22717 16 1
35771 22718 16 1
35771 22718 16 1
35764 22717 16 2
35771 22719 16 1
35764 22716 16 3
35764 22718 16 1
35767 22721 16 2
35766 22721 16 3
35768 22721 16 2
35768 22721 16 2
35764 22719 16 3
35769 22721 16 2
35771 22715 16 1
35771 22720 16 1
35764 22715 16 4
35770 22721 16 1
35765 22721 16 2
35764 22720 16 3
35772 22717 16 1
35772 22716 16 1
35772 22718 16 1
35772 22719 16 1
35771 22721 16 2
35764 22721 16 2
35772 22715 16 3
35772 22720 16 1
71535 45435 17 1
71536 45435 17 1
71535 45434 17 1
71534 45435 17 1
71537 45435 17 1
35772 22721 16 1
71536 45434 17 1
71534 45434 17 2
71535 45436 17 1
71537 45434 17 1
71534 45436 17 1
71536 45436 17 1
71537 45436 17 1
71534 45437 17 1
71535 45437 17 1
71535 45437 17 1
71536 45437 17 1
71536 45437 17 1
71537 45437 17 1
143 93 8 1
145 92 8 1
144 93 8 1
144 93 8 1
145 93 8 1
146 90 8 1
146 90 8 1
146 91 8 2
146 91 8 2
147 87 8 1
146 92 8 2
147 88 8 1
147 89 8 1
146 93 8 1
147 89 8 1
147 89 8 1
147 90 8 2
147 91 8 1
147 91 8 1
147 91 8 1
148 88 8 1
147 92 8 1
148 87 8 1
147 92 8 1
148 89 8 1
148 90 8 1
148 90 8 1
148 90 8 1
147 93 8 3
148 91 8 1
148 91 8 1
148 92 8 1
148 92 8 1
148 93 8 1
140 94 8 1
141 94 8 1
142 94 8 1
141 94 8 1
142 94 8 1
143 94 8 1
143 94 8 1
143 94 8 1
144 94 8 8
144 94 8 8
145 94 8 1
146 94 8 2
147 94 8 2
149 88 8 1
149 89 8 1
148 94 8 1
149 90 8 1
149 91 8 1
149 91 8 1
149 91 8 1
149 92 8 1
149 93 8 1
149 93 8 1
141 95 8 1
149 94 8 1
142 95 8 1
143 95 8 1
143 95 8 1
144 95 8 1
144 95 8 1
144 95 8 1
145 95 8 1
145 95 8 1
146 95 8 1
146 95 8 1
147 95 8 1
148 95 8 7
148 95 8 7
149 95 8 1
140 95 8 1
144 96 8 2
143 96 8 1
142 96 8 1
141 96 8 1
145 96 8 1
140 96 8 1
145 96 8 1
146 96 8 1
139 94 8 1
139 95 8 2
147 96 8 1
147 96 8 1
139 95 8 2
148 96 8 2
139 96 8 1
139 96 8 1
139 97 8 1
140 97 8 1
140 97 8 1
141 97 8 1
141 97 8 1
142 97 8 1
142 97 8 1
143 97 8 1
142 97 8 1
144 97 8 1
144 97 8 1
145 97 8 1
145 97 8 1
146 97 8 1
147 97 8 1
138 95 8 1
138 94 8 2
137 94 8 2
138 96 8 2
137 95 8 1
138 97 8 1
137 96 8 2
136 94 8 1
137 96 8 2
136 95 8 11
137 97 8 1
136 96 8 1
136 96 8 1
136 97 8 1
135 94 8 2
135 94 8 2
135 94 8 2
135 95 8 1
135 96 8 1
135 96 8 1
135 97 8 1
133 91 8 4
134 94 8 1
134 95 8 4
133 92 8 10
133 93 8 13
133 93 8 13
134 96 8 2
134 96 8 2
133 94 8 1
134 97 8 6
133 95 8 1
133 90 8 76
133 96 8 2
133 96 8 2
132 90 8 46
132 91 8 6
133 97 8 1
132 92 8 1
132 92 8 1
132 92 8 1
132 94 8 1
132 93 8 5
132 93 8 5
132 93 8 5
131 90 8 1
132 95 8 1
131 91 8 18
131 91 8 18
132 96 8 1
131 92 8 1
131 92 8 1
131 92 8 1
131 93 8 7
131 93 8 7
131 93 8 7
131 94 8 1
131 94 8 1
131 89 8 2
131 95 8 1
132 89 8 5
132 89 8 5
131 95 8 1
133 89 8 134
133 89 8 134
133 89 8 134
131 96 8 1
131 88 8 1
132 88 8 3
133 88 8 139
132 88 8 3
133 88 8 139
564 359 10 3
556 360 10 55
557 360 10 142
558 360 10 10
558 360 10 10
560 360 10 1
557 360 10 142
561 360 10 1
559 360 10 2
559 360 10 2
559 360 10 2
562 360 10 1
562 360 10 1
563 360 10 2
564 360 10 1
555 360 10 80
1117 715 11 13
1118 715 11 19
1119 715 11 1
1119 715 11 1
1120 715 11 1
1116 715 11 16
1122 711 11 1
1121 715 11 1
1117 716 11 23
1122 712 11 5
1118 716 11 10
1119 716 11 1
1122 713 11 1
1119 716 11 1
1115 715 11 18
1120 716 11 1
1122 714 11 1
1116 716 11 19
1122 710 11 1
1115 716 11 16
1121 716 11 1
1123 711 11 1
1123 712 11 1
1122 715 11 1
1123 713 11 1
1123 710 11 1
1123 714 11 1
1122 716 11 1
1123 715 11 1
1123 715 11 1
1123 716 11 1
1114 715 11 8
1114 715 11 8
1122 709 11 2
1114 716 11 8
2233 1424 12 11
2234 1424 12 15
2234 1424 12 15
2234 1424 12 15
2235 1424 12 6
2235 1424 12 6
2236 1424 12 7
2233 1425 12 9
2236 1424 12 7
2236 1424 12 7
2234 1425 12 9
2237 1424 12 3
2234 1425 12 9
2235 1425 12 10
2235 1425 12 10
2235 1425 12 10
2236 1425 12 4
2237 1425 12 11
2234 1426 12 12
2235 1426 12 32
2233 1426 12 8
2232 1424 12 17
2236 1426 12 27
2236 1426 12 27
2238 1424 12 6
2237 1426 12 10
2232 1425 12 13
2238 1425 12 4
2234 1427 12 8
2232 1426 12 40
2235 1427 12 6
2238 1426 12 1
2233 1427 12 15
2236 1427 12 8
2236 1427 12 8
2237 1427 12 16
2231 1424 12 23
2239 1423 12 10
2231 1425 12 8
2239 1422 12 5
2239 1424 12 19
2232 1427 12 54
2239 1425 12 8
2238 1427 12 2
2231 1426 12 12
2239 1421 12 8
2239 1426 12 11
2231 1427 12 4
2239 1426 12 11
2240 1421 12 19
2239 1427 12 10
2240 1422 12 3
2240 1422 12 3
2240 1423 12 4
2240 1423 12 4
2240 1424 12 4
2240 1425 12 14
2240 1424 12 4
2240 1426 12 19
2240 1426 12 19
2240 1427 12 7
4472 2847 13 6
4473 2847 13 3
4472 2848 13 2
4471 2847 13 4
4471 2846 13 6
4474 2847 13 2
4472 2846 13 2
4471 2848 13 3
4473 2848 13 4
4473 2846 13 4
4473 2846 13 4
4473 2848 13 4
4473 2848 13 4
4474 2848 13 3
4474 2848 13 3
4474 2846 13 3
4471 2849 13 3
4472 2849 13 2
4471 2849 13 3
4472 2849 13 2
4472 2849 13 2
4473 2849 13 4
4473 2849 13 4
4473 2849 13 4
4473 2849 13 4
4474 2849 13 1
4474 2849 13 1
4471 2850 13 2
4475 2847 13 3
4472 2850 13 3
4472 2850 13 3
4470 2847 13 4
4473 2850 13 1
4475 2848 13 2
4473 2850 13 1
4475 2848 13 2
4474 2850 13 1
4470 2848 13 4
4475 2846 13 3
4475 2849 13 1
4470 2849 13 3
4475 2850 13 6
4470 2850 13 1
4470 2846 13 3
4472 2845 13 2
4473 2845 13 8
4471 2851 13 1
4471 2845 13 2
4472 2851 13 1
4474 2845 13 6
4472 2851 13 1
4473 2851 13 1
4476 2847 13 3
4473 2851 13 1
4474 2851 13 4
4475 2845 13 1
4476 2848 13 1
4476 2849 13 4
4469 2847 13 1
4470 2845 13 3
4470 2851 13 4
4475 2851 13 2
4469 2848 13 6
4469 2849 13 4
4476 2846 13 1
4476 2850 13 2
4469 2846 13 2
4469 2850 13 5
4476 2845 13 4
4476 2851 13 1
4469 2845 13 1
4469 2851 13 5
4477 2847 13 5
4477 2848 13 2
4477 2846 13 12
4477 2848 13 2
4477 2849 13 3
4477 2849 13 3
4477 2849 13 3
4477 2845 13 4
4477 2850 13 1
4477 2850 13 1
4469 2852 13 4
4477 2851 13 1
4470 2852 13 3
4471 2852 13 15
4472 2852 13 13
4472 2852 13 13
4473 2852 13 1
4473 2852 13 1
4474 2852 13 3
4474 2852 13 3
4475 2852 13 1
4475 2852 13 1
4475 2852 13 1
4478 2846 13 4
4476 2852 13 1
4478 2847 13 3
4476 2852 13 1
4477 2852 13 1
4478 2848 13 3
4478 2848 13 3
4478 2848 13 3
4478 2849 13 5
4478 2849 13 5
4478 2849 13 5
4478 2850 13 1
4478 2850 13 1
8946 5696 14 1
8946 5697 14 1
8947 5696 14 2
4478 2851 13 1
4478 2851 13 1
8948 5696 14 1
8948 5696 14 1
8947 5697 14 2
8949 5696 14 3
8948 5697 14 1
4478 2852 13 2
8945 5696 14 1
8946 5698 14 2
8949 5697 14 1
8946 5698 14 2
8946 5695 14 1
8947 5698 14 1
8947 5698 14 1
8945 5697 14 1
8947 5695 14 1
8948 5698 14 1
8948 5698 14 1
8948 5698 14 1
8948 5695 14 1
8945 5698 14 1
8949 5698 14 1
8946 5699 14 3
8947 5699 14 1
8947 5699 14 1
8948 5699 14 1
8949 5699 14 1
8949 5695 14 2
8945 5695 14 2
8945 5699 14 1
8950 5696 14 1
8944 5696 14 1
8946 5700 14 1
8950 5697 14 1
8947 5700 14 1
8944 5697 14 1
8948 5700 14 1
8950 5698 14 1
8944 5698 14 1
8949 5700 14 1
8945 5700 14 3
8950 5699 14 1
8950 5695 14 2
8944 5695 14 3
8944 5699 14 1
8950 5700 14 1
8944 5700 14 1
8951 5696 14 1
8946 5701 14 1
8947 5701 14 1
8943 5696 14 2
8948 5701 14 1
8951 5697 14 1
8943 5697 14 2
8951 5698 14 1
8945 5701 14 2
8949 5701 14 1
8943 5698 14 2
8951 5699 14 1
8951 5695 14 1
8943 5699 14 1
8943 5695 14 2
8944 5701 14 3
8950 5701 14 1
8951 5700 14 2
8943 5700 14 1
8951 5701 14 3
8943 5701 14 2
549 359 10 96
550 359 10 49
551 359 10 59
547 356 10 19
547 355 10 6
548 359 10 68
547 357 10 109
552 359 10 62
547 358 10 137
547 354 10 6
547 358 10 137
549 360 10 22
547 359 10 30
546 356 10 32
550 360 10 54
548 360 10 126
546 355 10 13
551 360 10 36
546 357 10 175
546 358 10 132
552 360 10 32
553 359 10 79
547 360 10 61
546 354 10 3
546 359 10 58
553 360 10 61
546 360 10 3
1099 713 11 90
554 360 10 94
1100 713 11 32
1098 713 11 192
1099 712 11 45
1101 713 11 10
1099 714 11 7
1098 712 11 50
1100 712 11 21
1100 714 11 32
1100 712 11 21
1098 714 11 86
1100 714 11 32
1101 712 11 20
1101 714 11 81
1101 714 11 81
1102 713 11 39
1098 715 11 32
1099 715 11 40
1102 714 11 18
1099 715 11 40
1099 715 11 40
1100 715 11 7
1100 715 11 7
1100 715 11 7
1100 715 11 7
1101 715 11 15
1101 715 11 15
1101 715 11 15
1102 712 11 87
1102 715 11 35
1099 716 11 38
1098 716 11 8
1100 716 11 28
1100 716 11 28
1097 713 11 46
1101 716 11 17
1097 714 11 27
1099 711 11 13
1097 712 11 35
1098 711 11 31
1100 711 11 21
1097 715 11 4
1100 711 11 21
1101 711 11 61
1102 716 11 15
1097 716 11 64
1102 711 11 56
1097 711 11 19
1103 713 11 8
1103 712 11 24
1099 717 11 64
1098 717 11 26
1103 714 11 4
1100 717 11 37
1100 717 11 37
1101 717 11 52
1103 715 11 20
1096 713 11 6
1096 712 11 2
1096 714 11 8
1096 715 11 20
1103 711 11 27
1102 717 11 2
1103 716 11 31
1097 717 11 15
1096 716 11 11
1096 711 11 5
1104 713 11 5
1104 712 11 37
1103 717 11 3
1104 714 11 12
1096 717 11 87
1104 715 11 18
1104 715 11 18
1104 711 11 29
1104 716 11 27
1095 712 11 5
1095 711 11 4
1104 716 11 27
1095 713 11 12
1095 713 11 12
1104 717 11 4
1095 714 11 3
1095 714 11 3
1095 714 11 3
1095 715 11 15
1095 715 11 15
1095 715 11 15
1094 711 11 3
1095 716 11 18
1095 716 11 18
1094 712 11 3
1094 712 11 3
1094 713 11 10
1095 717 11 44
1094 714 11 24
1094 714 11 24
1094 714 11 24
1094 715 11 54
1094 715 11 54
1094 715 11 54
1094 710 11 3
1094 716 11 65
1095 710 11 2
1094 716 11 65
1095 710 11 2
1096 710 11 5
1096 710 11 5
1096 710 11 5
1094 717 11 9
1097 710 11 11
1097 710 11 11
1097 710 11 11
1098 710 11 14
1098 710 11 14
1098 710 11 14
1099 710 11 14
1099 710 11 14
1099 710 11 14
1100 710 11 107
1100 710 11 107
1100 710 11 107
545 355 10 61
1101 710 11 13
1101 710 11 13
545 356 10 10
1102 710 11 19
545 356 10 10
545 357 10 11
545 354 10 23
545 357 10 11
545 358 10 116
545 358 10 116
545 359 10 109
545 359 10 109
544 354 10 15
544 355 10 124
545 360 10 2
544 356 10 11
544 357 10 5
544 355 10 124
544 357 10 5
544 358 10 193
544 358 10 193
544 358 10 193
543 354 10 20
544 359 10 477
544 359 10 477
543 355 10 10
543 355 10 10
543 356 10 8
543 356 10 8
544 360 10 7
543 356 10 8
543 357 10 8
543 357 10 8
543 358 10 130
543 358 10 130
543 358 10 130
543 359 10 71
544 353 10 9
545 353 10 8
546 353 10 11
543 359 10 71
545 353 10 8
546 353 10 11
547 353 10 3
543 360 10 40
2197 1427 12 8
2195 1427 12 26
2197 1426 12 11
2196 1426 12 33
2195 1426 12 16
2196 1427 12 68
2198 1426 12 13
2198 1427 12 7
2198 1426 12 13
2198 1427 12 7
2199 1427 12 14
2199 1426 12 44
2196 1427 12 68
2195 1428 12 10
2197 1428 12 10
2196 1428 12 17
2196 1428 12 17
2196 1428 12 17
2196 1428 12 17
2197 1428 12 10
2198 1428 12 3
2198 1428 12 3
2198 1428 12 3
2198 1428 12 3
2199 1428 12 2
2195 1429 12 3
2199 1428 12 2
2196 1429 12 34
2196 1429 12 34
2197 1429 12 13
2197 1429 12 13
2197 1429 12 13
2198 1429 12 5
2196 1425 12 11
2198 1429 12 5
2197 1425 12 20
2199 1429 12 1
2197 1425 12 20
2198 1425 12 14
2198 1425 12 14
2199 1425 12 10
2196 1430 12 1
2197 1430 12 17
2195 1425 12 4
2198 1430 12 4
2200 1429 12 1
2199 1430 12 4
2201 1429 12 1
2192 1424 12 2
2193 1425 12 1
2200 1430 12 2
2193 1424 12 1
2194 1425 12 1
2201 1430 12 6
2193 1426 12 3
2194 1423 12 11
2194 1424 12 10
2194 1426 12 1
2195 1423 12 12
2194 1426 12 1
2199 1431 12 14
2192 1425 12 2
2200 1431 12 4
2196 1423 12 8
2196 1431 12 1
2193 1427 12 2
2201 1431 12 4
2193 1427 12 2
2197 1431 12 2
2195 1424 12 17
2194 1427 12 5
2194 1427 12 5
2196 1424 12 10
2192 1426 12 3
2198 1431 12 1
2193 1428 12 1
2194 1428 12 8
2202 1429 12 26
2202 1430 12 4
2194 1429 12 1
2197 1424 12 19
2202 1431 12 5
2198 1423 12 5
2199 1423 12 5
2200 1423 12 3
2200 1425 12 4
2198 1424 12 25
2200 1427 12 18
2201 1425 12 6
2195 1430 12 3
2199 1424 12 8
2201 1427 12 6
2194 1430 12 1
2200 1426 12 8
2192 1427 12 1
2200 1424 12 10
2202 1427 12 1
2201 1426 12 2
2194 1431 12 1
2200 1428 12 11
2195 1431 12 1
2201 1428 12 17
2202 1428 12 28
2193 1429 12 2
2197 1423 12 8
2193 1430 12 1
2192 1428 12 1
2192 1429 12 6
2192 1430 12 11
2193 1423 12 4
2192 1423 12 2
2202 1426 12 6
2193 1431 12 3
2202 1425 12 8
2201 1424 12 13
17872 11360 15 5
17873 11359 15 5
17873 11360 15 7
17872 11361 15 6
17874 11360 15 5
17873 11361 15 6
17873 11360 15 7
17875 11360 15 7
17874 11359 15 4
17874 11361 15 7
17875 11360 15 7
17874 11361 15 7
17875 11359 15 3
17876 11360 15 5
17875 11361 15 6
17872 11362 15 9
17872 11362 15 9
17875 11361 15 6
17873 11362 15 6
17876 11361 15 4
17873 11362 15 6
17873 11362 15 6
17874 11362 15 8
17874 11362 15 8
17874 11362 15 8
17874 11362 15 8
17874 11362 15 8
17875 11362 15 6
17875 11362 15 6
17875 11362 15 6
17872 11363 15 9
17876 11362 15 6
17873 11363 15 7
17876 11362 15 6
17873 11363 15 7
17874 11363 15 7
17872 11359 15 6
17874 11363 15 7
17875 11363 15 6
17875 11363 15 6
17876 11359 15 5
17876 11363 15 6
17873 11364 15 7
17871 11360 15 5
17874 11364 15 5
17877 11360 15 4
17871 11361 15 6
17875 11364 15 5
17873 11358 15 5
17874 11358 15 5
17871 11362 15 7
17877 11361 15 3
17872 11364 15 7
17875 11358 15 6
17877 11362 15 2
17876 11364 15 6
17871 11363 15 10
17871 11359 15 6
17877 11359 15 1
17877 11363 15 4
17872 11358 15 5
17876 11358 15 3
17871 11364 15 7
17871 11358 15 3
17877 11358 15 3
17877 11364 15 4
17870 11360 15 6
17878 11360 15 3
17878 11361 15 3
17870 11361 15 6
17878 11362 15 2
17870 11362 15 5
17870 11362 15 5
17870 11359 15 6
17870 11363 15 5
17878 11363 15 1
17878 11359 15 5
17870 11364 15 6
17878 11358 15 7
17870 11358 15 4
17878 11364 15 3
17870 11365 15 5
17871 11365 15 5
17871 11365 15 5
17872 11365 15 6
17872 11365 15 6
17872 11365 15 6
17873 11365 15 5
17873 11365 15 5
17873 11365 15 5
17874 11365 15 5
17874 11365 15 5
17874 11365 15 5
17875 11365 15 3
17875 11365 15 3
17876 11365 15 4
17876 11365 15 4
17877 11365 15 4
17877 11365 15 4
17869 11358 15 6
17878 11365 15 5
17869 11359 15 5
17869 11359 15 5
17869 11360 15 5
17869 11361 15 5
17869 11360 15 5
17869 11362 15 5
17869 11362 15 5
17869 11362 15 5
17868 11358 15 3
17869 11363 15 4
17869 11363 15 4
17869 11364 15 6
17868 11359 15 3
17868 11359 15 3
17868 11360 15 4
17868 11360 15 4
17868 11360 15 4
17868 11361 15 4
17868 11362 15 5
17868 11362 15 5
17868 11362 15 5
17868 11357 15 3
17868 11363 15 5
17869 11357 15 3
17868 11363 15 5
17869 11357 15 3
17870 11357 15 4
17870 11357 15 4
17868 11364 15 5
17870 11357 15 4
17871 11357 15 5
17871 11357 15 5
17872 11357 15 5
17872 11357 15 5
17873 11357 15 4
17873 11357 15 4
17874 11357 15 4
17874 11357 15 4
17875 11357 15 5
17875 11357 15 5
17867 11357 15 2
17876 11357 15 2
17867 11358 15 2
17867 11358 15 2
17867 11359 15 4
17867 11360 15 3
17867 11359 15 4
17867 11361 15 3
17867 11361 15 3
17867 11361 15 3
17867 11362 15 3
17867 11362 15 3
17867 11363 15 6
17866 11361 15 4
17866 11358 15 3
17866 11357 15 2
17866 11359 15 3
17866 11360 15 2
17866 11362 15 4
17866 11362 15 4
17866 11363 15 5
35739 22720 16 3
35739 22718 16 3
35739 22719 16 2
35740 22719 16 3
35740 22718 16 4
35740 22720 16 3
35741 22719 16 4
35740 22718 16 4
35741 22719 16 4
35738 22719 16 3
35741 22718 16 3
35741 22720 16 3
35741 22718 16 3
35742 22719 16 3
35742 22718 16 3
35741 22720 16 3
35738 22720 16 3
35739 22721 16 3
35742 22720 16 3
35739 22721 16 3
35738 22721 16 3
35742 22720 16 3
35740 22721 16 3
35740 22721 16 3
35740 22721 16 3
35740 22721 16 3
35741 22721 16 3
35741 22721 16 3
35741 22721 16 3
35742 22721 16 3
35739 22722 16 3
35742 22721 16 3
35740 22722 16 3
35738 22718 16 1
35740 22722 16 3
35741 22722 16 3
35741 22722 16 3
35738 22722 16 2
35743 22719 16 4
35742 22722 16 4
35739 22717 16 3
35743 22720 16 3
35740 22717 16 3
35743 22718 16 3
35741 22717 16 3
35743 22721 16 3
35743 22721 16 3
35742 22717 16 2
35739 22723 16 3
35743 22722 16 4
35740 22723 16 3
35741 22723 16 3
35737 22719 16 3
35741 22723 16 3
35738 22717 16 3
35742 22723 16 3
35737 22718 16 1
35737 22720 16 3
35738 22723 16 4
35737 22721 16 2
35737 22721 16 2
35743 22717 16 2
35737 22722 16 3
35744 22719 16 3
35744 22720 16 3
35743 22723 16 4
35744 22718 16 2
35744 22720 16 3
35744 22721 16 3
35744 22721 16 3
35737 22717 16 2
35744 22722 16 4
35744 22717 16 4
35737 22723 16 3
35744 22723 16 4
35745 22719 16 4
35745 22718 16 3
35745 22717 16 3
35737 22724 16 2
35738 22724 16 2
35738 22724 16 2
35739 22724 16 3
35739 22724 16 3
35739 22724 16 3
35740 22724 16 3
35741 22724 16 3
35742 22724 16 4
35740 22724 16 3
35740 22724 16 3
35741 22724 16 3
35742 22724 16 4
35743 22724 16 4
35743 22724 16 4
35744 22724 16 6
35736 22719 16 2
35736 22718 16 2
35736 22720 16 4
35736 22721 16 3
35736 22722 16 3
35736 22721 16 3
35736 22721 16 3
35736 22723 16 3
35736 22723 16 3
35736 22724 16 3
2191 1425 12 2
2191 1424 12 4
2190 1424 12 3
2191 1427 12 2
2191 1428 12 1
2191 1426 12 6
2191 1424 12 4
2191 1429 12 1
2190 1425 12 3
2190 1426 12 3
2191 1430 12 13
2190 1427 12 1
2190 1427 12 1
2190 1428 12 1
2190 1427 12 1
2189 1424 12 1
2189 1425 12 2
2190 1429 12 2
2190 1429 12 2
2189 1426 12 1
2189 1426 12 1
2190 1430 12 8
2189 1427 12 3
2189 1427 12 3
2189 1428 12 2
2189 1428 12 2
2189 1428 12 2
2188 1424 12 1
2188 1425 12 2
2188 1426 12 3
2188 1426 12 3
2189 1429 12 11
2189 1429 12 11
2188 1427 12 2
2188 1427 12 2
2189 1430 12 3
2188 1428 12 1
2188 1428 12 1
2188 1428 12 1
2188 1423 12 2
2189 1423 12 2
2189 1423 12 2
2190 1423 12 3
2188 1429 12 13
2188 1429 12 13
2190 1423 12 3
2191 1423 12 1
2190 1423 12 3
2188 1430 12 5
2187 1423 12 1
2187 1425 12 2
2187 1424 12 1
2187 1424 12 1
2187 1426 12 1
2187 1427 12 2
2186 1423 12 2
2187 1428 12 1
2187 1428 12 1
2186 1424 12 2
2187 1429 12 4
2186 1425 12 1
2186 1426 12 5
2186 1425 12 1
2186 1427 12 2
2185 1423 12 1
2186 1427 12 2
2186 1428 12 2
2186 1428 12 2
2185 1424 12 1
2185 1424 12 1
2186 1429 12 11
2185 1425 12 2
2185 1426 12 6
2185 1425 12 2
2185 1425 12 2
2185 1427 12 3
2185 1427 12 3
2185 1427 12 3
2184 1423 12 2
2185 1428 12 4
2185 1428 12 4
2184 1424 12 2
2184 1424 12 2
2185 1429 12 1
2184 1425 12 3
2184 1425 12 3
2184 1425 12 3
2184 1426 12 3
2184 1427 12 3
2184 1427 12 3
2184 1427 12 3
2184 1428 12 1
2184 1428 12 1
2183 1423 12 2
2183 1424 12 4
2183 1425 12 3
2184 1429 12 1
2183 1426 12 2
2183 1426 12 2
2183 1427 12 1
2183 1427 12 1
2183 1427 12 1
2182 1423 12 1
2182 1424 12 2
2183 1428 12 1
2182 1425 12 2
2183 1428 12 1
2182 1426 12 1
2183 1429 12 1
2182 1426 12 1
2182 1427 12 3
2182 1427 12 3
2182 1428 12 3
2181 1423 12 3
2182 1428 12 3
2181 1424 12 4
2181 1425 12 3
2182 1429 12 1
2181 1426 12 2
2181 1426 12 2
2181 1427 12 2
2181 1427 12 2
2181 1428 12 3
2181 1428 12 3
2181 1428 12 3
2181 1429 12 5
2181 1429 12 5
2182 1430 12 1
2183 1430 12 1
2181 1430 12 1
2184 1430 12 1
2184 1430 12 1
2185 1430 12 7
2184 1430 12 1
2185 1430 12 7
2186 1430 12 45
2186 1430 12 45
2187 1430 12 5
2180 1424 12 2
2187 1430 12 5
2180 1425 12 1
2180 1425 12 1
2180 1426 12 1
2180 1426 12 1
2180 1426 12 1
2180 1427 12 1
2180 1428 12 1
2180 1423 12 4
2180 1429 12 1
2180 1429 12 1
2179 1423 12 6
2180 1430 12 1
2179 1424 12 3
2179 1424 12 3
2179 1425 12 1
2179 1425 12 1
2179 1426 12 1
2179 1426 12 1
2179 1427 12 5
2178 1423 12 3
2179 1428 12 1
2179 1428 12 1
2178 1424 12 2
2178 1424 12 2
2179 1429 12 2
2178 1425 12 3
2178 1425 12 3
2178 1425 12 3
2178 1426 12 2
1088 708 11 2
2178 1427 12 1
1089 708 11 3
2178 1427 12 1
1090 708 11 7
2176 1418 12 1
2178 1428 12 2
2177 1418 12 2
1088 709 11 2
540 352 10 7
2175 1424 12 2
1089 709 11 7
2178 1418 12 2
2176 1424 12 4
541 352 10 3
1090 709 11 15
2173 1416 12 1
2177 1424 12 4
542 352 10 3
2176 1419 12 3
2174 1416 12 3
1088 710 11 9
2175 1425 12 1
2177 1419 12 2
540 353 10 5
540 354 10 22
2175 1416 12 1
2176 1425 12 2
2178 1419 12 6
1089 710 11 39
541 353 10 4
541 354 10 7
2177 1425 12 4
1090 710 11 29
542 353 10 5
2173 1417 12 1
2176 1420 12 5
542 354 10 27
2174 1417 12 1
2177 1420 12 5
2175 1426 12 1
540 355 10 7
2175 1417 12 1
2178 1420 12 4
2176 1426 12 2
541 355 10 5
2177 1426 12 2
2173 1418 12 1
542 355 10 11
2182 1421 12 3
2174 1421 12 2
2174 1418 12 2
2183 1421 12 1
2175 1421 12 2
540 356 10 7
2175 1418 12 2
2184 1421 12 1
2176 1421 12 7
541 356 10 4
1086 709 11 4
542 356 10 9
1087 709 11 4
2174 1422 12 3
2182 1422 12 4
2178 1422 12 4
2175 1422 12 2
2179 1422 12 6
2183 1422 12 2
1086 710 11 3
2176 1422 12 3
1084 707 11 3
2184 1422 12 3
1087 710 11 4
2180 1422 12 8
1085 707 11 4
2174 1423 12 3
2171 1418 12 4
1086 711 11 4
1086 707 11 2
2175 1423 12 4
2172 1418 12 2
1087 711 11 7
2176 1423 12 3
1084 708 11 2
1088 711 11 15
2171 1419 12 2
1085 708 11 12
2172 1419 12 2
2179 1419 12 5
1086 708 11 9
2174 1424 12 2
2173 1419 12 1
2180 1419 12 6
1084 709 11 2
1084 706 11 2
2174 1425 12 3
2181 1419 12 1
1085 709 11 5
1085 706 11 3
2171 1420 12 1
2177 1421 12 5
1086 706 11 5
2172 1420 12 2
2178 1421 12 8
2179 1420 12 9
2173 1420 12 1
2180 1420 12 8
2177 1422 12 6
2181 1420 12 4
539 352 10 7
545 351 10 2
539 353 10 6
546 351 10 25
2179 1421 12 16
547 351 10 2
2179 1418 12 3
2180 1421 12 11
539 354 10 5
2168 1418 12 1
2180 1418 12 3
2175 1415 12 1
2181 1421 12 5
2169 1418 12 1
545 352 10 6
2181 1418 12 4
2176 1415 12 1
546 352 10 3
2170 1418 12 1
2177 1415 12 1
547 352 10 10
2168 1419 12 2
2172 1421 12 1
2169 1419 12 2
2176 1416 12 1
2173 1421 12 3
543 352 10 5
2170 1419 12 1
2177 1416 12 2
544 352 10 10
2172 1422 12 1
2173 1415 12 1
2168 1420 12 1
543 353 10 7
2171 1415 12 2
2176 1417 12 1
2173 1422 12 3
2174 1415 12 3
2169 1420 12 1
2172 1415 12 2
2177 1417 12 2
2170 1420 12 2
2172 1423 12 1
2171 1416 12 3
2173 1423 12 1
2172 1416 12 2
1084 710 11 1
1085 710 11 2
541 351 10 2
2171 1417 12 7
542 351 10 3
2172 1417 12 5
2178 1416 12 1
1084 711 11 5
543 351 10 4
2179 1416 12 1
1085 711 11 8
1084 712 11 3
2178 1417 12 3
1085 712 11 2
2178 1417 12 3
2179 1417 12 2
1086 712 11 3
1089 711 11 13
542 357 10 15
2177 1423 12 8
1090 711 11 13
2181 1422 12 4
2174 1420 12 2
2174 1420 12 2
2175 1420 12 2
2170 1416 12 1
2168 1417 12 2
2174 1419 12 1
2170 1417 12 3
2169 1417 12 1
1087 708 11 4
2168 1414 12 1
2182 1420 12 3
2169 1414 12 3
2170 1414 12 1
2183 1420 12 2
2178 1415 12 2
2175 1419 12 1
2168 1415 12 1
2169 1415 12 1
2170 1415 12 1
2168 1416 12 2
2169 1416 12 1
1088 712 11 6
1083 709 11 1
1089 712 11 7
1090 712 11 7
1083 710 11 1
1083 711 11 3
1087 707 11 3
1083 707 11 3
2172 1414 12 1
539 355 10 6
2173 1414 12 2
1083 708 11 2
1088 706 11 2
2174 1414 12 1
1089 706 11 7
1090 706 11 2
1088 707 11 3
2176 1427 12 1
1089 707 11 4
2185 1422 12 2
2180 1417 12 2
2177 1427 12 2
1090 707 11 3
2181 1417 12 5
2186 1422 12 1
2182 1417 12 1
2171 1414 12 2
2182 1418 12 2
2182 1419 12 2
1083 706 11 2
2168 1421 12 1
2169 1421 12 1
2170 1421 12 1
2176 1414 12 2
2177 1414 12 1
2178 1414 12 3
1087 712 11 3
2171 1421 12 1
2171 1422 12 6
1087 706 11 2
2184 1420 12 2
539 356 10 11
1082 708 11 3
1082 706 11 2
1082 709 11 4
1082 707 11 2
2183 1419 12 2
1082 710 11 1
2180 1416 12 2
539 351 10 6
540 351 10 3
544 351 10 2
2179 1415 12 2
2175 1414 12 1
1082 711 11 3
1082 712 11 2
1083 712 11 2
539 357 10 53
540 357 10 31
541 357 10 15
541 357 10 15
2185 1421 12 1
2177 1428 12 2
2178 1429 12 1
4342 2833 13 2
4342 2834 13 2
4342 2835 13 2
4343 2833 13 2
4343 2835 13 5
4343 2834 13 3
4343 2833 13 2
4343 2835 13 5
4344 2834 13 4
4344 2834 13 4
4344 2833 13 2
4344 2835 13 4
4344 2833 13 2
4345 2834 13 2
4344 2835 13 4
4345 2833 13 1
4345 2835 13 2
4342 2836 13 1
4342 2836 13 1
4343 2836 13 2
4343 2836 13 2
4343 2836 13 2
4343 2836 13 2
4344 2836 13 2
4344 2836 13 2
4344 2836 13 2
4344 2836 13 2
4345 2836 13 1
4345 2836 13 1
4346 2834 13 1
4342 2837 13 1
4346 2833 13 1
4343 2837 13 1
4343 2837 13 1
4344 2837 13 2
4346 2835 13 1
4344 2837 13 2
4345 2837 13 2
4341 2834 13 1
4341 2833 13 1
4346 2836 13 1
4341 2835 13 3
4343 2832 13 1
4341 2836 13 1
4342 2832 13 1
4344 2832 13 2
4345 2832 13 1
4346 2837 13 1
4346 2832 13 1
4341 2837 13 1
4343 2838 13 1
4341 2832 13 1
4344 2838 13 2
4347 2834 13 1
4347 2833 13 1
4342 2838 13 2
4345 2838 13 2
4340 2834 13 2
4347 2835 13 1
4340 2835 13 1
4347 2836 13 1
4340 2833 13 1
4340 2836 13 1
4346 2838 13 1
4347 2837 13 1
4341 2838 13 1
4340 2837 13 1
4347 2832 13 1
4340 2832 13 1
4348 2834 13 1
4348 2835 13 1
4347 2838 13 1
4348 2833 13 1
4348 2836 13 2
4340 2838 13 1
4348 2832 13 1
4348 2837 13 1
4348 2837 13 1
4340 2839 13 1
4341 2839 13 1
4348 2838 13 1
4342 2839 13 1
4341 2839 13 1
4342 2839 13 1
4343 2839 13 1
4343 2839 13 1
4344 2839 13 1
4345 2839 13 1
4345 2839 13 1
4346 2839 13 1
4349 2833 13 1
4349 2834 13 1
4347 2839 13 1
4347 2839 13 1
4349 2835 13 1
4348 2839 13 1
4349 2835 13 1
4349 2836 13 2
4349 2837 13 1
4349 2837 13 1
4349 2837 13 1
4349 2838 13 1
4349 2838 13 1
4341 2840 13 2
4342 2840 13 1
4349 2839 13 1
4342 2840 13 1
4343 2840 13 1
4343 2840 13 1
4343 2840 13 1
4344 2840 13 1
4344 2840 13 1
4345 2840 13 1
4345 2840 13 1
4346 2840 13 1
4347 2840 13 1
8688 5670 14 2
4348 2840 13 1
8689 5670 14 1
8687 5670 14 3
8688 5669 14 2
8690 5670 14 2
4349 2840 13 2
8689 5669 14 2
8687 5671 14 1
8687 5669 14 2
8688 5671 14 2
8690 5669 14 1
8688 5671 14 2
8688 5671 14 2
8689 5671 14 2
8689 5671 14 2
8689 5671 14 2
8690 5671 14 2
8690 5671 14 2
8687 5672 14 2
8691 5670 14 1
8688 5672 14 2
8688 5672 14 2
8688 5672 14 2
8689 5672 14 1
8689 5672 14 1
8691 5671 14 1
8689 5672 14 1
8690 5672 14 1
8690 5672 14 1
8691 5669 14 1
8691 5672 14 1
8688 5673 14 1
8687 5673 14 2
8689 5673 14 1
8689 5673 14 1
8690 5673 14 1
8686 5670 14 2
8686 5671 14 1
8688 5668 14 1
8691 5673 14 1
8689 5668 14 3
8686 5669 14 1
8687 5668 14 1
8690 5668 14 1
8686 5672 14 2
8686 5673 14 1
8688 5674 14 2
8691 5668 14 1
8687 5674 14 1
8689 5674 14 1
8692 5670 14 1
8692 5669 14 1
8690 5674 14 1
8692 5671 14 1
8691 5674 14 1
8692 5672 14 1
8686 5668 14 2
8685 5670 14 2
8692 5673 14 1
8685 5669 14 4
8685 5671 14 1
8686 5674 14 1
8692 5668 14 1
8685 5672 14 1
8693 5670 14 1
8685 5673 14 1
8685 5668 14 1
8692 5674 14 1
8693 5671 14 1
8693 5669 14 1
8693 5672 14 1
8685 5674 14 1
8693 5668 14 1
8693 5673 14 1
8694 5668 14 1
8694 5669 14 1
8694 5670 14 1
8693 5674 14 1
8694 5671 14 1
8694 5672 14 1
8694 5671 14 1
8694 5671 14 1
8694 5673 14 1
8694 5674 14 1
8686 5675 14 1
8687 5675 14 1
8687 5675 14 1
8688 5675 14 1
8688 5675 14 1
8688 5675 14 1
8689 5675 14 1
8689 5675 14 1
8689 5675 14 1
8690 5675 14 1
8690 5675 14 1
8690 5675 14 1
8691 5675 14 1
8691 5675 14 1
8692 5675 14 1
8692 5675 14 1
8693 5675 14 1
8684 5668 14 2
8684 5669 14 1
8694 5675 14 1
8684 5670 14 1
8684 5671 14 1
8684 5672 14 1
8684 5667 14 2
8684 5673 14 1
8684 5673 14 1
8685 5667 14 1
8686 5667 14 2
8686 5667 14 2
8684 5674 14 1
8686 5667 14 2
8687 5667 14 2
8687 5667 14 2
8688 5667 14 1
8688 5667 14 1
8688 5667 14 1
8689 5667 14 2
8689 5667 14 2
8690 5667 14 1
8690 5667 14 1
8691 5667 14 1
8691 5667 14 1
8692 5667 14 1
17378 11342 15 2
17378 11343 15 1
17379 11342 15 1
17379 11342 15 1
17379 11343 15 1
17380 11342 15 1
17380 11342 15 1
17380 11343 15 1
17381 11342 15 1
17380 11343 15 1
17381 11343 15 1
17378 11344 15 1
17377 11342 15 1
17381 11343 15 1
17379 11344 15 1
17379 11344 15 1
17377 11343 15 1
17379 11344 15 1
17380 11344 15 1
17380 11344 15 1
17380 11344 15 1
17381 11344 15 1
17378 11345 15 1
17381 11344 15 1
17377 11344 15 1
17377 11344 15 1
17379 11345 15 1
17379 11345 15 1
17380 11345 15 1
17380 11345 15 1
17377 11345 15 1
17378 11341 15 1
17381 11345 15 1
17379 11341 15 1
17379 11341 15 1
17380 11341 15 1
17380 11341 15 1
17381 11341 15 1
17382 11342 15 1
17378 11346 15 1
17382 11343 15 1
17379 11346 15 1
17379 11346 15 1
17382 11344 15 1
17380 11346 15 1
17380 11346 15 1
17381 11346 15 1
17382 11345 15 1
17377 11341 15 1
17382 11341 15 1
17376 11342 15 1
17376 11343 15 1
17377 11346 15 1
17376 11344 15 2
17376 11344 15 2
17382 11346 15 1
17376 11345 15 2
17376 11341 15 1
17378 11347 15 1
17379 11347 15 1
17383 11342 15 1
17379 11347 15 1
17380 11347 15 1
17380 11347 15 1
17383 11343 15 1
17381 11347 15 1
17383 11343 15 1
17376 11346 15 1
17383 11344 15 1
17383 11344 15 1
17383 11341 15 1
17383 11345 15 1
17377 11347 15 1
17382 11347 15 1
17383 11346 15 1
17384 11342 15 1
17376 11347 15 1
17384 11343 15 1
17384 11343 15 1
17384 11341 15 1
17384 11344 15 1
17383 11347 15 1
17384 11344 15 1
17384 11344 15 1
17384 11345 15 1
17384 11345 15 1
17384 11345 15 1
17384 11346 15 1
34758 22686 16 1
17384 11346 15 1
34758 22687 16 1
34759 22686 16 1
34759 22687 16 1
17384 11347 15 1
34757 22686 16 1
34760 22686 16 1
34760 22687 16 2
34760 22686 16 1
34761 22686 16 1
34757 22687 16 1
34758 22688 16 1
34757 22687 16 1
34759 22688 16 1
34761 22687 16 1
34759 22688 16 1
34761 22687 16 1
34757 22688 16 1
34760 22688 16 1
34760 22688 16 1
34757 22688 16 1
34761 22688 16 1
34758 22689 16 1
34761 22688 16 1
34757 22689 16 1
34759 22689 16 1
34760 22689 16 1
34760 22689 16 1
34758 22685 16 1
34757 22685 16 1
34761 22689 16 1
34759 22685 16 1
34759 22685 16 1
34759 22685 16 1
34760 22685 16 1
34760 22685 16 1
34761 22685 16 1
34758 22690 16 1
34757 22690 16 1
34759 22690 16 1
34760 22690 16 1
34760 22690 16 1
34756 22686 16 1
34761 22690 16 1
34762 22686 16 1
34756 22687 16 1
34756 22687 16 1
34762 22687 16 1
34756 22685 16 1
34762 22687 16 1
34756 22688 16 1
34756 22688 16 1
34762 22688 16 1
34762 22685 16 1
34762 22688 16 1
34756 22689 16 1
34762 22689 16 1
34756 22690 16 1
34755 22686 16 1
34758 22691 16 1
34762 22690 16 1
34757 22691 16 1
34759 22691 16 1
34755 22687 16 1
34759 22691 16 1
34759 22691 16 1
34760 22691 16 1
34760 22691 16 1
34763 22686 16 1
34755 22688 16 1
34761 22691 16 1
34763 22687 16 1
34763 22687 16 1
34755 22685 16 1
34755 22689 16 1
34763 22688 16 1
34763 22685 16 1
34763 22688 16 1
34763 22689 16 1
34756 22691 16 1
34762 22691 16 1
34755 22690 16 1
69517 45374 17 1
69518 45374 17 1
34763 22690 16 1
34763 22690 16 1
34755 22691 16 1
69519 45374 17 1
69520 45374 17 2
34763 22691 16 1
69517 45375 17 1
69517 45375 17 1
69518 45375 17 1
69518 45375 17 1
69518 45375 17 1
69519 45375 17 1
69519 45375 17 1
69519 45375 17 1
69519 45375 17 1
69520 45375 17 1
69517 45373 17 1
69520 45375 17 1
69517 45376 17 1
69517 45376 17 1
69518 45373 17 1
69518 45376 17 1
69518 45373 17 1
69518 45376 17 1
69518 45376 17 1
69519 45373 17 1
69518 45376 17 1
69519 45373 17 1
69519 45376 17 1
69519 45376 17 1
69519 45376 17 1
69520 45373 17 1
69519 45376 17 1
69520 45376 17 1
69520 45376 17 1
69517 45377 17 1
69518 45377 17 1
69518 45377 17 1
69519 45377 17 1
69519 45377 17 1
69516 45374 17 1
69520 45377 17 1
69521 45374 17 1
69516 45375 17 1
69516 45375 17 1
69516 45373 17 1
69521 45375 17 1
69521 45375 17 1
69516 45376 17 1
69516 45376 17 1
69521 45376 17 1
69521 45373 17 1
69521 45376 17 1
69516 45377 17 1
69521 45377 17 1
69517 45372 17 1
69518 45372 17 1
69517 45378 17 1
69518 45372 17 1
69519 45372 17 1
69518 45378 17 1
69518 45378 17 1
69519 45372 17 1
69520 45372 17 1
69519 45378 17 1
69519 45378 17 1
69516 45378 17 1
69520 45378 17 1
69520 45378 17 1
69521 45378 17 1
69515 45374 17 1
69516 45372 17 1
69522 45374 17 1
69515 45375 17 1
69521 45372 17 1
69515 45375 17 1
69522 45375 17 1
69515 45376 17 1
69515 45376 17 1
69522 45376 17 1
69522 45376 17 1
69515 45377 17 1
69522 45377 17 1
69515 45373 17 1
69522 45373 17 1
69515 45372 17 1
69515 45378 17 1
69522 45372 17 1
69522 45378 17 1
69523 45374 17 1
69523 45375 17 1
69523 45373 17 1
69523 45376 17 1
69523 45376 17 1
69523 45372 17 1
69515 45371 17 1
69523 45377 17 1
69523 45377 17 1
69516 45371 17 1
69523 45378 17 1
69517 45371 17 1
69517 45371 17 1
69518 45371 17 1
69518 45371 17 1
69519 45371 17 1
69519 45371 17 1
69520 45371 17 1
69520 45371 17 1
69520 45371 17 1
69521 45371 17 1
69521 45371 17 1
69522 45371 17 1
69523 45371 17 1
69515 45370 17 1
69516 45370 17 1
69516 45370 17 1
69517 45370 17 1
69517 45370 17 1
69517 45370 17 1
69518 45370 17 1
69518 45370 17 1
69518 45370 17 1
69519 45370 17 1
69519 45370 17 1
69519 45370 17 1
69520 45370 17 1
69520 45370 17 1
69520 45370 17 1
69521 45370 17 1
69521 45370 17 1
69522 45370 17 1
69523 45370 17 1
69515 45369 17 1
69516 45369 17 1
69516 45369 17 1
69517 45369 17 1
69517 45369 17 1
69517 45369 17 1
69518 45369 17 1
69518 45369 17 1
69518 45369 17 1
69519 45369 17 1
69519 45369 17 1
69519 45369 17 1
69520 45369 17 1
69520 45369 17 1
69520 45369 17 1
69521 45369 17 1
69522 45369 17 1
69523 45369 17 1
69515 45368 17 1
69516 45368 17 1
69516 45368 17 1
69517 45368 17 1
69517 45368 17 1
69517 45368 17 1
69518 45368 17 1
69518 45368 17 1
69518 45368 17 1
69519 45368 17 1
69519 45368 17 1
69519 45368 17 1
69520 45368 17 1
69520 45368 17 1
69520 45368 17 1
69521 45368 17 1
69521 45368 17 1
69522 45368 17 1
69523 45368 17 1
34758 22684 16 1
34759 22684 16 1
34759 22684 16 1
34760 22684 16 1
34758 22683 16 1
34760 22684 16 1
34757 22684 16 2
34761 22684 16 1
34759 22683 16 1
34760 22683 16 1
34760 22683 16 1
34761 22683 16 1
34757 22683 16 1
34762 22684 16 1
34758 22682 16 1
34756 22684 16 1
34762 22683 16 1
34759 22682 16 1
34760 22682 16 1
34761 22682 16 1
34757 22682 16 1
34756 22683 16 1
34762 22682 16 1
34763 22684 16 1
34756 22682 16 1
34763 22683 16 1
34763 22682 16 1
34764 22684 16 1
34764 22685 16 1
34764 22685 16 1
34764 22683 16 1
34764 22686 16 1
34764 22686 16 1
34764 22682 16 1
34764 22687 16 1
34764 22687 16 1
34764 22688 16 1
34764 22688 16 1
34764 22688 16 1
34755 22684 16 1
34764 22689 16 1
34764 22689 16 1
69524 45373 17 1
69524 45374 17 1
69524 45372 17 1
34764 22690 16 1
69524 45375 17 1
69524 45375 17 1
69524 45375 17 1
69524 45376 17 1
69524 45376 17 1
69524 45371 17 1
69524 45377 17 1
69524 45377 17 1
69524 45370 17 1
69524 45369 17 1
69524 45368 17 1
69524 45378 17 1
69515 45367 17 1
69516 45367 17 1
69516 45367 17 1
69517 45367 17 1
69517 45367 17 1
69517 45367 17 1
69518 45367 17 1
69519 45367 17 1
69518 45367 17 1
69518 45367 17 1
69519 45367 17 1
69520 45367 17 1
69520 45367 17 1
69520 45367 17 1
69521 45367 17 1
69521 45367 17 1
69522 45367 17 1
69523 45367 17 1
69523 45367 17 1
69525 45369 17 1
69524 45367 17 1
69525 45370 17 1
69525 45371 17 1
69525 45372 17 1
69525 45373 17 1
69525 45373 17 1
69525 45373 17 1
69525 45374 17 1
69525 45374 17 1
69525 45375 17 1
69525 45376 17 1
69525 45374 17 1
69525 45377 17 1
69517 45379 17 1
69525 45378 17 1
69518 45379 17 1
69518 45379 17 1
69519 45379 17 1
69519 45379 17 1
69520 45379 17 1
69520 45379 17 1
69521 45379 17 1
69521 45379 17 1
69521 45379 17 1
69522 45379 17 1
69522 45379 17 1
69522 45379 17 1
69523 45379 17 1
69523 45379 17 1
69526 45373 17 1
69524 45379 17 1
69524 45379 17 1
69526 45374 17 1
69525 45379 17 1
69526 45374 17 1
69526 45375 17 1
69526 45376 17 1
69526 45377 17 1
69526 45378 17 1
69526 45378 17 1
69518 45380 17 1
69526 45379 17 1
69519 45380 17 1
69519 45380 17 1
69520 45380 17 1
69520 45380 17 1
69520 45380 17 1
69521 45380 17 1
69521 45380 17 1
69521 45380 17 1
69522 45380 17 1
69522 45380 17 1
69522 45380 17 1
69523 45380 17 1
69523 45380 17 1
69524 45380 17 1
69524 45380 17 1
69527 45374 17 1
69525 45380 17 1
69527 45375 17 1
69525 45380 17 1
69527 45376 17 1
69526 45380 17 1
69527 45377 17 1
69527 45377 17 1
69527 45377 17 1
69527 45378 17 1
69527 45379 17 1
69527 45379 17 1
69519 45381 17 1
69527 45380 17 1
69520 45381 17 1
69520 45381 17 1
69521 45381 17 1
69521 45381 17 1
69521 45381 17 1
69522 45381 17 1
69522 45381 17 1
69522 45381 17 1
69523 45381 17 1
69523 45381 17 1
69524 45381 17 1
69524 45381 17 1
69525 45381 17 1
69525 45381 17 1
69526 45381 17 1
69526 45381 17 1
69527 45381 17 1
69519 45382 17 1
69520 45382 17 1
69520 45382 17 1
69521 45382 17 1
69521 45382 17 1
69521 45382 17 1
69522 45382 17 1
69522 45382 17 1
69522 45382 17 1
69523 45382 17 1
69523 45382 17 1
69524 45382 17 1
69524 45382 17 1
69525 45382 17 1
69525 45382 17 1
69526 45382 17 1
69519 45383 17 1
69527 45382 17 1
69520 45383 17 1
69520 45383 17 1
69521 45383 17 1
69521 45383 17 1
69521 45383 17 1
69522 45383 17 1
69522 45383 17 1
69522 45383 17 1
69523 45383 17 1
69523 45383 17 1
69523 45383 17 1
69524 45383 17 1
69524 45383 17 1
69525 45383 17 1
69525 45383 17 1
69526 45383 17 1
69526 45383 17 1
69527 45383 17 1
69519 45384 17 1
69520 45384 17 1
69520 45384 17 1
69521 45384 17 1
69521 45384 17 1
69521 45384 17 1
69522 45384 17 1
69522 45384 17 1
69522 45384 17 1
69523 45384 17 1
69523 45384 17 1
69523 45384 17 1
69524 45384 17 1
69524 45384 17 1
69525 45384 17 1
69525 45384 17 1
69526 45384 17 1
69527 45384 17 1
69518 45381 17 1
69518 45381 17 1
69518 45381 17 1
69518 45382 17 1
69518 45383 17 1
69518 45383 17 1
69517 45380 17 1
69517 45380 17 1
69517 45380 17 1
69518 45384 17 1
69517 45381 17 1
69517 45381 17 1
69517 45382 17 1
69517 45382 17 1
69516 45379 17 1
69517 45383 17 1
69516 45379 17 1
69516 45379 17 1
69516 45380 17 1
69516 45380 17 1
69514 45368 17 2
69515 45379 17 1
69516 45381 17 1
69514 45369 17 1
69514 45370 17 1
69514 45371 17 1
69514 45371 17 1
69508 45363 17 1
69517 45364 17 1
69514 45372 17 1
69514 45372 17 1
69509 45363 17 1
69518 45364 17 1
69510 45363 17 1
69519 45364 17 1
69510 45364 17 1
69514 45373 17 1
69511 45364 17 1
69508 45364 17 1
69517 45365 17 1
69513 45374 17 1
69512 45364 17 1
69509 45364 17 1
69518 45365 17 1
69514 45374 17 1
69519 45365 17 1
69510 45365 17 1
69508 45365 17 1
69513 45375 17 1
69511 45365 17 1
69517 45366 17 1
69509 45365 17 1
69510 45360 17 1
69514 45375 17 1
69514 45375 17 1
69518 45366 17 1
69512 45365 17 1
69511 45360 17 1
69519 45366 17 1
69513 45376 17 1
69512 45360 17 1
69510 45366 17 1
69514 45376 17 1
69511 45366 17 1
69510 45361 17 1
69513 45360 17 1
69512 45366 17 1
69511 45361 17 2
69514 45364 17 1
69512 45361 17 1
69513 45367 17 1
69515 45364 17 1
69512 45361 17 1
69514 45367 17 1
69516 45364 17 1
69513 45361 17 1
69510 45370 17 1
69510 45362 17 1
69511 45370 17 1
69511 45362 17 1
69517 45363 17 1
69514 45365 17 1
69513 45368 17 1
69512 45370 17 1
69512 45362 17 1
69512 45362 17 1
69515 45365 17 1
69518 45363 17 1
69513 45362 17 1
69516 45365 17 1
69510 45371 17 1
69513 45369 17 1
69519 45363 17 1
69511 45371 17 1
69514 45366 17 1
69512 45371 17 1
69515 45366 17 1
69511 45372 17 1
69516 45366 17 1
69510 45372 17 1
69512 45372 17 1
69511 45363 17 1
69513 45372 17 1
69514 45361 17 1
69512 45363 17 1
69511 45373 17 1
69513 45363 17 1
69514 45362 17 1
69508 45362 17 1
69512 45373 17 1
69509 45362 17 1
69513 45373 17 1
69514 45363 17 1
69513 45364 17 1
69514 45363 17 1
69515 45363 17 1
69511 45374 17 1
69513 45365 17 1
69512 45374 17 1
69514 45360 17 1
69510 45373 17 1
69516 45363 17 1
69515 45362 17 1
69510 45374 17 1
69516 45362 17 1
69513 45371 17 1
69513 45366 17 1
69513 45366 17 1
69512 45367 17 1
69512 45368 17 1
69509 45369 17 1
69515 45361 17 1
69521 45366 17 1
69511 45369 17 1
69510 45369 17 1
69512 45369 17 1
69522 45366 17 1
69523 45366 17 1
69520 45365 17 1
69509 45370 17 1
69513 45370 17 1
69520 45366 17 1
69509 45371 17 1
69508 45366 17 1
69509 45366 17 1
69514 45377 17 1
69508 45367 17 1
69509 45367 17 1
69515 45360 17 1
69510 45367 17 1
69521 45365 17 1
69508 45368 17 1
69522 45365 17 1
69509 45368 17 1
69510 45368 17 1
69523 45365 17 1
69517 45362 17 1
69511 45367 17 1
69511 45368 17 1
69509 45372 17 1
69509 45373 17 1
69513 45377 17 1
69520 45364 17 1
69512 45375 17 1
69521 45364 17 1
69522 45364 17 1
69516 45360 17 1
69516 45361 17 1
69508 45360 17 1
69509 45360 17 1
69508 45361 17 1
69509 45361 17 1
69518 45362 17 1
69509 45374 17 1
69520 45363 17 1
69517 45361 17 1
69511 45375 17 1
69519 45362 17 1
69518 45361 17 1
69517 45360 17 1
69517 45360 17 1
69518 45360 17 1
69510 45359 17 1
69512 45359 17 1
69511 45359 17 1
69509 45359 17 1
69511 45359 17 1
69513 45359 17 1
69513 45359 17 1
69514 45359 17 1
69514 45359 17 1
69515 45359 17 1
69515 45359 17 1
69516 45359 17 1
69509 45358 17 1
69517 45359 17 1
69510 45358 17 1
69510 45358 17 1
69511 45358 17 1
69511 45358 17 1
69511 45358 17 1
69512 45358 17 1
69512 45358 17 1
69512 45358 17 1
69513 45358 17 1
69513 45358 17 1
69513 45358 17 1
69514 45358 17 1
69514 45358 17 1
69515 45358 17 1
69515 45358 17 1
69516 45358 17 1
69516 45358 17 1
69517 45358 17 1
69508 45358 17 1
69508 45359 17 2
69507 45358 17 1
69507 45359 17 1
69507 45359 17 1
17375 11339 15 2
69507 45360 17 1
17376 11339 15 1
69507 45360 17 1
17377 11339 15 2
69507 45361 17 1
17375 11337 15 1
69507 45361 17 1
34753 22681 16 1
17376 11337 15 1
17375 11340 15 2
34754 22681 16 1
69507 45362 17 1
17377 11337 15 1
34755 22681 16 1
17376 11340 15 2
17374 11338 15 1
17377 11340 15 2
17375 11338 15 1
17375 11338 15 1
34753 22682 16 1
17376 11338 15 1
17378 11338 15 2
17375 11341 15 3
17376 11338 15 1
34754 22682 16 1
17377 11338 15 2
17379 11338 15 2
34755 22682 16 1
17380 11338 15 1
17374 11339 15 1
17380 11338 15 1
17381 11338 15 1
34753 22683 16 1
17382 11338 15 1
17374 11340 15 1
34754 22683 16 1
17378 11339 15 1
17379 11339 15 1
34755 22683 16 1
34752 22680 16 2
17380 11339 15 1
34753 22680 16 1
17378 11340 15 1
17380 11339 15 1
17381 11339 15 1
17379 11340 15 1
34754 22680 16 2
17382 11339 15 1
17380 11340 15 1
17380 11340 15 1
34752 22681 16 1
17381 11340 15 1
34754 22677 16 1
17382 11340 15 1
34755 22677 16 1
34752 22682 16 1
34756 22677 16 1
34753 22678 16 1
34754 22678 16 1
34754 22678 16 1
34755 22678 16 1
34755 22678 16 1
34757 22677 16 1
17380 11337 15 1
34752 22679 16 1
34756 22678 16 1
34758 22677 16 1
17381 11337 15 1
34755 22680 16 2
34753 22679 16 1
34753 22679 16 1
17382 11337 15 1
34754 22679 16 2
34756 22680 16 1
34754 22679 16 2
34754 22679 16 2
34757 22678 16 1
34755 22679 16 1
34757 22680 16 1
34755 22679 16 1
34758 22678 16 1
34756 22679 16 1
34756 22681 16 1
34757 22679 16 1
34757 22681 16 1
34758 22679 16 1
34751 22678 16 1
34752 22678 16 1
69507 45363 17 1
34751 22679 16 1
17375 11342 15 1
34751 22680 16 1
34751 22681 16 2
17375 11343 15 1
17378 11337 15 2
34751 22682 16 2
17379 11337 15 1
34759 22677 16 1
34751 22683 16 3
34759 22678 16 1
34752 22683 16 1
34759 22679 16 1
34758 22681 16 1
17374 11341 15 1
34759 22681 16 1
34753 22677 16 1
17374 11342 15 1
34758 22680 16 1
34759 22680 16 1
17374 11337 15 1
69507 45364 17 1
17374 11343 15 1
34752 22677 16 1
8693 5667 14 1
34751 22677 16 1
276 170 9 4
276 170 9 4
276 170 9 4
275 169 9 2
277 170 9 1
275 169 9 2
277 170 9 1
276 169 9 11
273 168 9 6
273 168 9 6
273 168 9 6
274 168 9 59
274 168 9 59
271 167 9 4
275 168 9 52
271 167 9 4
271 167 9 4
272 167 9 4
272 167 9 4
272 167 9 4
273 167 9 2
273 167 9 2
274 167 9 178
269 166 9 9
269 166 9 9
269 166 9 9
270 166 9 32
270 166 9 32
270 166 9 32
271 166 9 4
271 166 9 4
272 166 9 2
267 165 9 6
267 165 9 6
267 165 9 6
268 165 9 9
269 165 9 17
268 165 9 9
268 165 9 9
269 165 9 17
270 165 9 205
270 165 9 205
271 165 9 5
260 175 9 1
527 342 10 2
528 342 10 2
529 342 10 8
526 342 10 3
527 343 10 1
527 341 10 2
529 342 10 8
526 343 10 1
530 342 10 8
528 341 10 2
528 343 10 3
528 343 10 3
528 343 10 3
528 343 10 3
529 341 10 6
529 343 10 23
529 343 10 23
529 343 10 23
526 344 10 1
530 343 10 6
527 344 10 1
527 344 10 1
527 344 10 1
527 344 10 1
528 344 10 1
528 344 10 1
528 344 10 1
528 344 10 1
528 344 10 1
529 344 10 5
529 344 10 5
529 344 10 5
526 345 10 1
530 344 10 3
527 345 10 1
527 345 10 1
528 345 10 1
528 345 10 1
526 341 10 4
529 345 10 2
529 345 10 2
530 345 10 2
525 342 10 2
527 346 10 1
525 343 10 5
525 343 10 5
528 346 10 1
526 346 10 1
530 341 10 13
529 346 10 1
525 344 10 2
525 344 10 2
525 345 10 1
530 346 10 1
525 341 10 3
531 342 10 13
531 343 10 77
531 343 10 77
531 344 10 6
531 341 10 67
531 344 10 6
525 346 10 1
531 345 10 2
524 342 10 3
527 347 10 1
528 347 10 1
524 343 10 8
529 347 10 3
524 344 10 3
524 344 10 3
526 347 10 1
531 346 10 3
530 347 10 2
524 345 10 1
524 341 10 8
532 342 10 10
532 343 10 20
532 343 10 20
525 347 10 1
524 346 10 1
532 344 10 22
532 344 10 22
532 341 10 12
532 345 10 2
531 347 10 4
532 346 10 3
533 342 10 5
533 341 10 6
532 346 10 3
533 343 10 4
524 347 10 1
533 343 10 4
533 344 10 3
532 347 10 3
533 345 10 11
533 345 10 11
533 346 10 4
533 346 10 4
533 347 10 4
63 46 7 10
63 46 7 10
63 47 7 3
62 44 7 2
62 41 7 7
62 43 7 3
62 42 7 5
62 45 7 1
62 46 7 7
62 46 7 7
62 47 7 2
61 41 7 31
61 42 7 2
61 43 7 1
61 42 7 2
61 44 7 1
61 45 7 1
61 46 7 4
62 40 7 1
61 46 7 4
61 47 7 2
277 169 9 1
278 169 9 2
279 169 9 1
280 169 9 2
276 168 9 6
276 168 9 6
276 168 9 6
277 168 9 1
277 168 9 1
278 168 9 1
278 168 9 1
278 168 9 1
275 167 9 209
279 168 9 1
279 168 9 1
280 168 9 4
276 167 9 2
277 167 9 3
277 167 9 3
277 167 9 3
278 167 9 1
278 167 9 1
278 167 9 1
279 167 9 1
281 168 9 2
279 167 9 1
280 167 9 1
280 167 9 1
281 167 9 1
281 169 9 1
282 168 9 1
282 169 9 1
282 169 9 1
283 169 9 2
284 182 9 1
285 181 9 1
285 182 9 1
285 182 9 1
284 183 9 1
285 183 9 1
286 180 9 1
286 181 9 1
286 180 9 1
286 182 9 1
286 182 9 1
286 183 9 1
283 184 9 1
283 184 9 1
284 184 9 1
276 185 9 1
275 185 9 1
277 185 9 1
279 185 9 1
278 185 9 1
280 185 9 1
277 185 9 1
280 185 9 1
281 185 9 1
282 185 9 1
273 185 9 1
274 185 9 1
283 185 9 1
273 186 9 3
274 186 9 4
275 186 9 1
274 186 9 4
275 186 9 1
276 186 9 1
276 186 9 1
277 186 9 1
278 186 9 1
278 186 9 1
278 186 9 1
279 186 9 1
279 186 9 1
280 186 9 1
272 185 9 3
280 186 9 1
272 185 9 3
281 186 9 1
272 186 9 8
272 186 9 8
272 187 9 1
273 187 9 2
273 187 9 2
274 187 9 2
274 187 9 2
274 187 9 2
275 187 9 2
275 187 9 2
275 187 9 2
276 187 9 1
276 187 9 1
276 187 9 1
277 187 9 1
277 187 9 1
277 187 9 1
278 187 9 1
278 187 9 1
279 187 9 2
271 184 9 2
280 187 9 1
271 185 9 2
271 185 9 2
271 186 9 2
271 186 9 2
270 184 9 5
270 184 9 5
271 187 9 2
270 184 9 5
270 185 9 1
270 185 9 1
270 186 9 1
270 186 9 1
270 187 9 1
269 185 9 1
269 184 9 1
269 184 9 1
268 184 9 1
268 184 9 1
269 186 9 1
268 185 9 3
269 187 9 1
268 186 9 1
268 186 9 1
267 184 9 2
267 184 9 2
267 185 9 1
268 187 9 1
267 186 9 1
267 187 9 1
272 188 9 1
271 188 9 1
267 188 9 1
268 188 9 1
270 188 9 2
269 188 9 1
273 188 9 1
268 188 9 1
273 188 9 1
274 188 9 1
266 183 9 2
266 184 9 4
266 185 9 1
266 186 9 15
266 183 9 2
275 188 9 2
266 187 9 3
266 187 9 3
266 188 9 1
266 189 9 1
267 189 9 1
268 189 9 1
267 189 9 1
269 189 9 1
268 189 9 1
269 189 9 1
270 189 9 1
270 189 9 1
271 189 9 1
271 189 9 1
271 189 9 1
272 189 9 1
272 189 9 1
273 189 9 1
266 190 9 1
274 189 9 1
267 190 9 1
267 190 9 1
268 190 9 3
268 190 9 3
268 190 9 3
269 190 9 1
269 190 9 1
269 190 9 1
270 190 9 1
270 190 9 1
270 190 9 1
271 190 9 1
271 190 9 1
272 190 9 1
272 190 9 1
273 190 9 8
273 190 9 8
266 191 9 1
274 190 9 1
267 191 9 1
267 191 9 1
268 191 9 1
268 191 9 1
268 191 9 1
269 191 9 1
269 191 9 1
269 191 9 1
270 191 9 1
270 191 9 1
271 191 9 1
271 191 9 1
272 191 9 1
272 191 9 1
273 191 9 1
273 191 9 1
266 192 9 1
274 191 9 1
267 192 9 1
267 192 9 1
268 192 9 2
268 192 9 2
268 192 9 2
269 192 9 1
269 192 9 1
269 192 9 1
270 192 9 1
270 192 9 1
271 192 9 1
271 192 9 1
272 192 9 1
272 192 9 1
273 192 9 1
274 192 9 1
275 189 9 1
275 189 9 1
275 189 9 1
275 190 9 1
275 191 9 1
275 191 9 1
267 193 9 1
275 192 9 2
268 193 9 1
268 193 9 1
269 193 9 1
269 193 9 1
269 193 9 1
270 193 9 1
270 193 9 1
271 193 9 1
271 193 9 1
272 193 9 1
272 193 9 1
273 193 9 1
273 193 9 1
276 188 9 1
274 193 9 1
274 193 9 1
275 193 9 1
276 189 9 2
276 189 9 2
276 190 9 1
276 190 9 1
276 191 9 1
276 191 9 1
265 187 9 4
276 192 9 1
276 192 9 1
265 188 9 1
266 193 9 1
276 193 9 1
265 189 9 1
265 189 9 1
265 189 9 1
265 190 9 1
265 190 9 1
265 190 9 1
265 191 9 1
265 191 9 1
265 191 9 1
265 192 9 1
266 194 9 1
265 192 9 1
267 194 9 1
265 193 9 1
267 194 9 1
268 194 9 2
268 194 9 2
269 194 9 1
269 194 9 1
270 194 9 1
270 194 9 1
271 194 9 1
272 194 9 1
273 194 9 1
273 194 9 1
274 194 9 1
266 195 9 1
267 195 9 1
267 195 9 1
268 195 9 3
268 195 9 3
268 195 9 3
269 195 9 1
269 195 9 1
269 195 9 1
270 195 9 1
270 195 9 1
271 195 9 1
271 195 9 1
271 195 9 1
272 195 9 1
272 195 9 1
273 195 9 1
274 195 9 1
275 194 9 1
275 194 9 1
276 194 9 1
275 195 9 1
276 194 9 1
268 196 9 1
276 195 9 1
269 196 9 1
270 196 9 1
270 196 9 1
271 196 9 1
271 196 9 1
272 196 9 1
272 196 9 1
272 196 9 1
273 196 9 1
273 196 9 1
273 196 9 1
274 196 9 1
274 196 9 1
277 190 9 1
275 196 9 1
275 196 9 1
277 191 9 1
277 191 9 1
276 196 9 1
277 192 9 1
277 192 9 1
277 193 9 1
277 194 9 1
277 194 9 1
277 189 9 1
277 195 9 1
278 189 9 1
277 195 9 1
277 196 9 2
278 190 9 1
278 191 9 1
278 190 9 1
278 192 9 1
278 192 9 1
278 193 9 1
279 189 9 1
278 194 9 1
278 194 9 1
279 190 9 1
279 190 9 1
279 191 9 2
278 195 9 1
279 192 9 1
279 193 9 1
279 193 9 1
279 193 9 1
277 188 9 1
279 194 9 1
277 188 9 1
279 194 9 1
278 188 9 1
278 188 9 1
279 188 9 1
279 195 9 1
280 188 9 1
280 189 9 1
280 190 9 1
280 191 9 1
280 192 9 1
280 192 9 1
281 188 9 1
280 193 9 1
280 193 9 1
281 189 9 1
280 194 9 1
281 189 9 1
281 190 9 1
281 191 9 1
281 192 9 1
281 192 9 1
281 193 9 1
281 193 9 1
281 194 9 1
0 -1 1 1
-1 0 1 1
-1 -1 1 1
1 -1 1 1
0 0 1 1030
2 -1 1 1
0 0 1 1030
1 0 1 298983
1 0 1 298983
2 0 1 1
1 0 1 298983
0 1 1 32
-1 1 1 1
1 1 1 121
1 0 1 298983
1 1 1 121
2 1 1 1
2 1 1 1
0 2 1 1
1 2 1 1
-1 2 1 1
2 2 1 1
3 4 2 1
3 4 2 1
4 4 2 1
-1 4 2 1
5 7 3 1
3 7 3 1
-1 7 3 1
2 7 3 1
6 7 3 1
4 7 3 1
6 7 3 1
4 7 3 1
0 7 3 1
7 7 3 1
4 7 3 1
7 7 3 1
1 7 3 1
8 7 3 1
129 85 8 3
129 84 8 1
130 88 8 2
129 86 8 1
129 87 8 4
129 83 8 1
129 88 8 217
130 89 8 1
128 85 8 7
128 86 8 1
128 84 8 5
128 83 8 3
128 87 8 2
128 88 8 3
129 89 8 3
128 89 8 2
40 18 6 1
41 18 6 1
34 17 6 2
36 17 6 4
35 17 6 8
37 17 6 1
33 17 6 12
35 17 6 8
37 17 6 1
38 17 6 1
38 17 6 1
39 17 6 1
39 17 6 1
40 17 6 1
41 17 6 1
31 17 6 1
32 17 6 1
27 19 6 1
27 21 6 1
27 20 6 1
27 23 6 1
27 22 6 1
27 24 6 1
27 25 6 1
30 28 6 1
31 28 6 1
31 28 6 1
31 28 6 1
32 29 6 1
31 29 6 1
30 29 6 1
33 29 6 1
33 29 6 1
33 29 6 1
34 29 6 1
34 29 6 1
35 29 6 1
36 29 6 1
36 29 6 1
37 29 6 1
29 27 6 1
29 27 6 1
38 29 6 1
29 28 6 1
29 28 6 1
29 29 6 1
28 26 6 1
28 26 6 1
28 26 6 1
28 27 6 1
28 28 6 1
27 26 6 1
28 29 6 1
27 26 6 1
27 27 6 1
27 27 6 1
27 28 6 1
27 28 6 1
28 30 6 1
27 29 6 1
29 30 6 1
29 30 6 1
30 30 6 1
30 30 6 1
31 30 6 1
31 30 6 1
32 30 6 1
32 30 6 1
33 30 6 1
34 30 6 1
35 30 6 1
36 30 6 1
27 30 6 1
1122 708 11 1
1122 707 11 1
1123 709 11 1
1123 708 11 1
1123 707 11 1
1113 706 11 58
1114 706 11 12
1115 706 11 9
1114 706 11 12
1115 706 11 9
1117 706 11 7
1116 706 11 7
1116 706 11 7
1118 706 11 37
1116 706 11 7
1118 706 11 37
1118 706 11 37
1119 706 11 10
1119 706 11 10
1120 706 11 15
1121 706 11 1
287 177 9 1
287 177 9 1
287 178 9 1
287 178 9 1
287 179 9 1
42 24 6 1
42 22 6 1
42 25 6 1
42 21 6 1
42 23 6 1
42 21 6 1
42 26 6 1
43 21 6 1
42 27 6 1
43 22 6 1
43 23 6 1
43 23 6 1
43 25 6 1
43 24 6 1
44 21 6 1
43 26 6 1
44 22 6 1
44 22 6 1
43 27 6 1
44 23 6 1
44 23 6 1
44 23 6 1
44 24 6 1
44 25 6 1
45 21 6 1
44 26 6 1
44 26 6 1
45 22 6 1
45 23 6 1
44 27 6 1
45 24 6 1
45 24 6 1
45 24 6 1
45 25 6 1
45 25 6 1
45 25 6 1
46 21 6 1
46 22 6 1
45 26 6 13
45 26 6 13
46 23 6 1
46 23 6 1
45 27 6 1
46 24 6 1
46 24 6 1
46 24 6 1
46 25 6 1
46 25 6 1
47 21 6 1
46 26 6 1
47 22 6 1
46 26 6 1
47 23 6 1
47 23 6 1
46 27 6 1
47 24 6 1
47 25 6 1
47 25 6 1
47 26 6 1
47 26 6 1
42 28 6 1
47 27 6 1
43 28 6 1
43 28 6 1
44 28 6 2
44 28 6 2
45 28 6 2
46 28 6 1
47 28 6 1
39 29 6 1
39 29 6 1
40 29 6 1
20 16 5 4
40 29 6 1
21 16 5 1
41 29 6 1
22 16 5 1
66 49 7 1
67 49 7 1
67 49 7 1
65 49 7 1
64 49 7 5
68 49 7 1
68 49 7 1
68 49 7 1
69 49 7 3
69 49 7 3
69 49 7 3
70 49 7 1
70 49 7 1
63 48 7 12
63 48 7 12
63 48 7 12
63 49 7 8
63 49 7 8
64 50 7 1
65 50 7 1
63 50 7 1
65 50 7 1
66 50 7 1
66 50 7 1
67 50 7 1
68 50 7 1
68 50 7 1
69 50 7 7
69 50 7 7
70 50 7 1
15 16 5 1
12 15 5 1
16 16 5 1
14 16 5 1
16 16 5 1
17 16 5 1
18 16 5 1
13 16 5 1
19 16 5 1
12 16 5 3
13 17 5 1
14 17 5 1
14 17 5 1
15 17 5 1
15 17 5 1
15 17 5 1
16 17 5 1
16 17 5 1
17 17 5 1
18 17 5 1
18 17 5 1
19 17 5 1
19 17 5 1
20 17 5 1
21 17 5 1
8 10 4 1
7 10 4 1
9 10 4 1
9 10 4 1
6 10 4 1
10 10 4 1
11 10 4 1
5 10 4 1
12 10 4 1
4 10 4 1
5 11 4 1
13 10 4 1
6 11 4 1
6 11 4 1
7 11 4 1
7 11 4 1
7 11 4 1
8 11 4 1
8 11 4 1
8 11 4 1
9 11 4 1
9 11 4 1
10 11 4 1
10 11 4 1
10 11 4 1
11 11 4 1
12 11 4 1
13 11 4 1
8 12 4 1
7 12 4 1
5 12 4 1
10 12 4 1
9 12 4 1
6 12 4 1
9 12 4 1
11 12 4 1
11 12 4 1
12 12 4 1
5 13 4 1
13 12 4 1
7 13 4 1
6 13 4 1
8 13 4 1
6 13 4 1
8 13 4 1
9 13 4 1
9 13 4 1
10 13 4 1
10 13 4 1
11 13 4 1
17 18 5 1
17 19 5 6
18 18 5 4
18 19 5 1
16 18 5 1
19 18 5 1
19 19 5 1
12 13 4 1
12 13 4 1
16 19 5 1
13 13 4 1
17 20 5 1
18 20 5 1
18 20 5 1
16 20 5 1
19 20 5 1
20 18 5 1
19 20 5 1
17 21 5 1
18 21 5 1
20 19 5 1
20 19 5 1
19 21 5 1
16 21 5 1
20 20 5 1
20 20 5 1
20 21 5 1
15 18 5 1
15 19 5 1
15 20 5 1
17 22 5 1
15 20 5 1
18 22 5 1
21 18 5 1
16 22 5 1
15 21 5 1
19 22 5 1
21 19 5 1
21 20 5 1
20 22 5 1
21 21 5 1
14 18 5 1
15 22 5 1
14 19 5 1
14 19 5 1
21 22 5 1
14 20 5 1
14 20 5 1
22 18 5 1
22 19 5 1
14 21 5 1
22 17 5 1
22 20 5 1
22 20 5 1
22 21 5 1
14 22 5 1
35 36 6 1
22 22 5 1
35 37 6 1
36 36 6 4
36 37 6 1
37 36 6 2
34 36 6 1
37 37 6 1
38 36 6 1
35 35 6 1
34 37 6 1
35 38 6 3
36 35 6 1
34 37 6 1
35 38 6 3
36 38 6 1
38 37 6 1
37 35 6 1
36 38 6 1
34 38 6 1
37 38 6 1
34 38 6 1
38 38 6 1
35 39 6 1
34 39 6 1
36 39 6 1
37 39 6 1
34 35 6 1
38 35 6 1
38 39 6 1
33 36 6 1
35 40 6 1
36 40 6 1
33 37 6 1
37 40 6 1
34 40 6 1
33 38 6 1
39 36 6 1
39 37 6 1
38 40 6 1
33 39 6 1
33 35 6 1
39 38 6 1
39 38 6 1
39 35 6 1
39 39 6 1
33 40 6 1
39 40 6 1
35 41 6 1
32 36 6 1
36 41 6 1
34 41 6 1
36 41 6 1
37 41 6 1
32 37 6 1
37 41 6 1
40 36 6 1
38 41 6 1
32 38 6 1
32 38 6 1
40 37 6 1
32 35 6 1
40 38 6 1
32 39 6 1
40 38 6 1
40 35 6 1
40 39 6 1
33 41 6 1
32 40 6 1
39 41 6 1
32 40 6 1
40 40 6 1
32 41 6 1
40 41 6 1
3 8 3 1
4 8 3 1
4 8 3 1
2 8 3 1
5 8 3 1
5 8 3 1
5 8 3 1
6 8 3 1
6 8 3 1
7 8 3 1
1 8 3 1
8 8 3 1
0 8 3 1
-1 8 3 1
14 10 4 1
14 10 4 1
14 11 4 1
23 16 5 1
23 17 5 1
24 14 5 3
23 18 5 1
24 15 5 3
23 18 5 1
23 19 5 1
24 16 5 1
24 13 5 1
24 17 5 1
24 17 5 1
25 13 5 3
24 18 5 1
25 14 5 2
24 18 5 1
25 14 5 2
25 15 5 47
25 15 5 47
24 19 5 1
25 15 5 47
25 16 5 2
25 17 5 1
25 17 5 1
25 18 5 1
25 18 5 1
25 19 5 1
40 32 6 1
23 20 5 1
23 20 5 1
41 32 6 4
23 20 5 1
24 20 5 1
42 32 6 1
42 32 6 1
24 20 5 1
43 32 6 1
40 31 6 1
25 20 5 1
40 33 6 1
41 31 6 1
40 33 6 1
41 33 6 1
41 33 6 1
42 31 6 1
41 33 6 1
42 33 6 1
42 33 6 1
42 33 6 1
43 31 6 1
43 33 6 1
39 32 6 1
40 34 6 1
40 34 6 1
41 34 6 1
41 34 6 1
41 34 6 1
39 33 6 1
42 34 6 1
42 34 6 1
42 34 6 1
43 34 6 1
39 34 6 1
41 35 6 1
42 35 6 1
39 31 6 1
43 35 6 1
44 32 6 1
40 30 6 1
44 31 6 1
41 30 6 1
44 33 6 1
42 30 6 1
42 30 6 1
43 30 6 1
44 34 6 1
44 35 6 1
41 36 6 1
38 32 6 1
42 36 6 1
39 30 6 1
38 33 6 1
38 31 6 1
38 34 6 1
43 36 6 1
44 30 6 1
45 32 6 1
38 30 6 1
45 31 6 1
45 33 6 1
45 33 6 1
44 36 6 1
45 34 6 1
45 34 6 1
45 35 6 1
45 30 6 1
46 32 6 1
46 31 6 1
46 33 6 1
46 33 6 1
45 36 6 1
46 34 6 1
46 34 6 1
46 30 6 1
46 35 6 1
83 64 7 1
46 35 6 1
83 65 7 2
84 64 7 1
84 65 7 1
85 64 7 1
82 64 7 1
46 36 6 1
85 65 7 1
82 65 7 1
82 65 7 1
83 66 7 1
83 66 7 1
86 64 7 1
82 66 7 1
84 66 7 1
84 66 7 1
82 66 7 1
86 65 7 1
85 66 7 1
85 66 7 1
86 65 7 1
82 67 7 1
83 67 7 1
86 66 7 1
83 67 7 1
86 66 7 1
84 67 7 1
84 67 7 1
84 67 7 1
85 67 7 1
83 63 7 1
86 67 7 1
84 63 7 1
85 63 7 1
82 63 7 1
83 68 7 1
84 68 7 1
86 63 7 1
81 64 7 1
85 68 7 1
82 68 7 1
81 65 7 1
81 66 7 1
87 64 7 1
87 65 7 1
81 63 7 1
81 67 7 1
86 68 7 1
87 66 7 1
87 67 7 1
81 68 7 1
87 63 7 1
80 64 7 1
83 69 7 1
87 68 7 1
84 69 7 1
80 65 7 1
82 69 7 1
85 69 7 1
80 66 7 1
80 63 7 1
86 69 7 1
80 67 7 1
88 64 7 1
81 69 7 1
88 65 7 1
88 65 7 1
80 68 7 1
88 66 7 1
88 63 7 1
88 67 7 1
87 69 7 1
88 68 7 1
88 68 7 1
79 63 7 1
80 69 7 1
79 64 7 1
88 69 7 1
79 65 7 1
79 66 7 1
79 67 7 1
79 67 7 1
79 67 7 1
78 63 7 1
79 68 7 1
79 68 7 1
78 64 7 1
78 64 7 1
78 65 7 1
79 69 7 1
78 66 7 1
78 66 7 1
78 67 7 1
78 67 7 1
78 68 7 1
78 68 7 1
78 69 7 1
73 39 7 2
74 39 7 1
62 48 7 35
61 48 7 4
61 49 7 2
62 49 7 6
60 43 7 1
60 44 7 1
60 45 7 1
60 45 7 1
60 46 7 2
60 46 7 2
60 47 7 6
60 47 7 6
60 48 7 2
60 48 7 2
60 49 7 4
60 50 7 1
61 50 7 1
61 50 7 1
62 50 7 9
59 44 7 1
62 50 7 9
59 45 7 1
59 46 7 1
59 46 7 1
59 47 7 1
59 48 7 1
59 48 7 1
59 49 7 1
59 50 7 1
60 51 7 1
59 50 7 1
61 51 7 2
59 51 7 1
62 51 7 1
62 51 7 1
63 51 7 1
63 51 7 1
64 51 7 1
64 51 7 1
65 51 7 1
58 45 7 1
66 51 7 1
58 46 7 1
58 46 7 1
58 47 7 1
67 51 7 1
58 48 7 1
58 49 7 1
58 49 7 1
58 49 7 1
58 44 7 1
58 50 7 1
58 50 7 1
58 51 7 1
59 52 7 1
60 52 7 1
61 52 7 1
61 52 7 1
62 52 7 1
62 52 7 1
62 52 7 1
63 52 7 1
64 52 7 1
65 52 7 1
66 52 7 1
66 52 7 1
67 52 7 1
68 51 7 1
68 52 7 1
69 51 7 1
69 52 7 1
70 51 7 1
72 38 7 1
64 37 7 1
65 37 7 1
65 37 7 1
66 37 7 4
66 37 7 4
66 37 7 4
67 37 7 51
67 37 7 51
67 37 7 51
68 37 7 4
68 37 7 4
69 37 7 11
70 37 7 251
70 37 7 251
71 37 7 1
72 37 7 38
73 37 7 1
73 38 7 2
65 36 7 1
67 36 7 1
69 36 7 3
68 36 7 1
66 36 7 1
66 36 7 1
68 36 7 1
70 36 7 3
70 36 7 3
71 36 7 9
72 36 7 4
73 36 7 2
65 35 7 1
66 35 7 2
66 35 7 2
67 35 7 1
67 35 7 1
67 35 7 1
68 35 7 1
68 35 7 1
68 35 7 1
69 35 7 1
69 35 7 1
70 35 7 3
71 35 7 1
71 35 7 1
72 35 7 1
73 35 7 3
65 34 7 1
67 34 7 6
66 34 7 1
66 34 7 1
68 34 7 1
68 34 7 1
69 34 7 1
69 34 7 1
70 34 7 3
70 34 7 3
71 34 7 5
71 34 7 5
72 34 7 1
73 34 7 1
64 34 7 1
64 36 7 1
64 35 7 1
64 33 7 1
68 33 7 1
65 33 7 1
66 33 7 1
67 33 7 1
69 33 7 1
69 33 7 1
70 33 7 1
70 33 7 1
71 33 7 1
64 32 7 1
72 33 7 1
65 32 7 1
66 32 7 1
67 32 7 1
65 32 7 1
66 32 7 1
68 32 7 1
68 32 7 1
68 32 7 1
69 32 7 1
69 32 7 1
70 32 7 1
71 32 7 3
71 32 7 3
72 32 7 2
63 32 7 1
63 34 7 1
63 36 7 1
63 35 7 1
63 33 7 1
63 37 7 1
265 182 9 2
265 182 9 2
265 183 9 1
264 181 9 32
264 181 9 32
264 182 9 3
130 90 8 1
130 91 8 5
130 92 8 1
130 93 8 3
129 90 8 1
129 91 8 1
128 90 8 1
129 92 8 1
128 90 8 1
129 93 8 4
128 91 8 2
127 87 8 2
127 88 8 1
128 92 8 1
127 89 8 2
127 89 8 2
128 93 8 1
127 89 8 2
127 90 8 2
127 90 8 2
127 91 8 2
127 91 8 2
126 87 8 6
127 92 8 7
126 88 8 4
127 92 8 7
126 89 8 5
126 90 8 1
126 90 8 1
126 90 8 1
127 93 8 2
126 91 8 1
126 91 8 1
126 91 8 1
125 87 8 1
126 92 8 1
126 92 8 1
125 89 8 2
125 88 8 1
125 88 8 1
125 90 8 1
125 90 8 1
126 93 8 2
125 91 8 1
125 91 8 1
125 91 8 1
125 92 8 1
125 86 8 2
126 86 8 4
127 86 8 1
126 86 8 4
127 86 8 1
125 93 8 5
287 180 9 1
287 181 9 1
287 181 9 1
287 182 9 1
287 183 9 1
288 178 9 1
288 179 9 1
288 177 9 1
288 181 9 1
288 180 9 1
288 182 9 1
288 183 9 1
263 177 9 1
263 178 9 1
262 176 9 1
263 178 9 1
262 176 9 1
263 179 9 1
262 177 9 1
262 177 9 1
262 178 9 1
262 178 9 1
261 176 9 1
261 177 9 1
262 179 9 1
261 178 9 1
261 178 9 1
261 179 9 1
30 17 6 1
29 17 6 1
28 17 6 4
558 351 10 1
558 351 10 1
558 351 10 1
559 351 10 1
559 351 10 1
560 351 10 2
551 350 10 1
552 350 10 1
553 350 10 1
552 350 10 1
555 350 10 1
554 350 10 1
556 350 10 1
554 350 10 1
554 350 10 1
556 350 10 1
557 350 10 4
557 350 10 4
558 350 10 2
559 350 10 8
1109 706 11 10
1110 706 11 39
1110 705 11 8
1111 706 11 9
1111 706 11 9
1111 705 11 29
1109 705 11 32
1110 707 11 6
1112 706 11 6
1109 707 11 28
1112 705 11 7
1111 707 11 7
1111 707 11 7
1111 707 11 7
1112 707 11 22
1112 707 11 22
1109 708 11 12
1110 708 11 11
1110 708 11 11
1111 708 11 21
1111 708 11 21
1111 708 11 21
1111 708 11 21
1113 705 11 7
1110 709 11 9
1111 709 11 52
1109 709 11 14
1108 706 11 10
1110 704 11 49
1108 705 11 24
1111 704 11 7
1108 707 11 4
1109 704 11 10
1112 704 11 17
1108 707 11 4
1108 708 11 17
1108 709 11 21
1113 704 11 4
1108 704 11 1
1110 710 11 34
1109 710 11 26
1114 705 11 28
1111 710 11 25
1111 710 11 25
1107 706 11 4
1107 705 11 1
1114 704 11 3
1107 707 11 7
1108 710 11 71
1107 704 11 1
1107 708 11 11
1107 708 11 11
1107 709 11 62
1115 705 11 13
1115 704 11 2
1107 710 11 10
560 350 10 2
561 351 10 2
561 351 10 2
562 351 10 2
22 8 5 1
1113 715 11 28
2239 1420 12 3
2239 1419 12 7
2239 1418 12 3
2229 1418 12 5
2229 1419 12 4
2230 1424 12 4
2229 1420 12 11
2229 1420 12 11
2229 1422 12 2
2229 1421 12 13
2229 1423 12 3
2229 1417 12 5
2229 1424 12 4
2239 1417 12 6
2230 1416 12 7
2231 1416 12 6
2232 1416 12 6
2232 1416 12 6
2232 1416 12 6
2233 1416 12 3
2234 1416 12 4
2235 1416 12 5
2235 1416 12 5
2235 1416 12 5
2236 1416 12 4
2236 1416 12 4
2237 1416 12 6
2238 1416 12 3
2228 1420 12 9
2228 1418 12 10
2228 1417 12 3
2228 1421 12 7
2228 1419 12 4
2228 1422 12 5
2228 1422 12 5
2228 1423 12 8
2229 1425 12 9
2230 1425 12 4
2230 1425 12 4
2229 1426 12 5
2230 1426 12 4
2230 1426 12 4
2230 1427 12 9
2229 1427 12 8
2232 1428 12 14
2231 1428 12 11
2230 1428 12 30
2233 1428 12 8
2233 1428 12 8
2233 1428 12 8
2234 1428 12 24
2234 1428 12 24
2234 1428 12 24
2235 1428 12 5
2235 1428 12 5
2236 1428 12 3
2229 1428 12 3
2237 1428 12 9
2229 1429 12 14
2230 1429 12 6
2230 1429 12 6
2231 1429 12 3
2231 1429 12 3
2232 1429 12 4
2231 1429 12 3
2232 1429 12 4
2232 1429 12 4
2233 1429 12 7
2233 1429 12 7
2233 1429 12 7
2234 1429 12 3
2234 1429 12 3
2235 1429 12 2
2235 1429 12 2
2236 1429 12 4
2237 1429 12 2
2238 1428 12 1
2238 1428 12 1
2238 1428 12 1
2239 1428 12 5
2239 1428 12 5
2238 1429 12 1
2239 1429 12 1
2240 1428 12 5
2228 1424 12 2
2228 1425 12 3
2228 1426 12 1
2228 1427 12 5
2228 1424 12 2
2228 1428 12 3
2228 1429 12 7
2231 1430 12 6
2232 1430 12 3
2228 1430 12 5
2233 1430 12 7
2229 1430 12 6
2230 1430 12 3
2232 1430 12 3
2233 1430 12 7
2229 1430 12 6
2234 1430 12 5
2230 1430 12 3
2234 1430 12 5
2235 1430 12 4
2227 1424 12 6
2227 1425 12 4
2227 1427 12 3
2227 1426 12 1
2236 1430 12 10
2227 1425 12 4
2227 1428 12 2
2227 1429 12 3
2227 1429 12 3
2227 1430 12 4
2227 1431 12 3
2228 1431 12 2
2228 1431 12 2
2229 1431 12 2
2230 1431 12 2
2229 1431 12 2
2229 1431 12 2
2231 1431 12 12
2230 1431 12 2
2231 1431 12 12
2232 1431 12 10
2232 1431 12 10
2232 1431 12 10
2233 1431 12 3
2233 1431 12 3
2234 1431 12 5
2226 1425 12 1
2226 1426 12 1
2235 1431 12 5
2226 1427 12 2
2226 1428 12 1
2226 1429 12 2
2226 1430 12 18
2226 1430 12 18
2226 1431 12 2
2225 1426 12 6
2225 1427 12 1
2225 1428 12 1
2225 1429 12 5
2225 1425 12 5
2224 1425 12 5
2225 1430 12 3
2224 1426 12 2
2225 1431 12 9
2224 1427 12 1
2224 1428 12 1
2224 1429 12 3
2224 1424 12 4
2224 1428 12 1
2225 1424 12 2
2225 1424 12 2
2224 1430 12 4
2224 1430 12 4
2226 1424 12 2
2226 1424 12 2
2224 1431 12 8
2224 1423 12 3
2225 1423 12 9
2225 1423 12 9
2226 1423 12 6
2226 1423 12 6
2226 1423 12 6
2227 1423 12 12
2227 1423 12 12
2227 1423 12 12
2239 1416 12 3
1111 711 11 31
1111 711 11 31
1111 711 11 31
1111 712 11 10
1111 712 11 10
1111 713 11 37
1111 714 11 10
1110 711 11 30
1110 711 11 30
1110 711 11 30
1110 712 11 4
1110 712 11 4
1110 713 11 7
140 82 8 1
140 81 8 3
4464 2837 13 4
4464 2838 13 3
4464 2841 13 3
4464 2839 13 5
4464 2840 13 12
4464 2842 13 7
4464 2842 13 7
4464 2843 13 6
4463 2837 13 8
4463 2838 13 2
4463 2839 13 8
4463 2838 13 2
4463 2840 13 9
4463 2841 13 5
4463 2842 13 3
4463 2841 13 5
4463 2842 13 3
4463 2843 13 3
4463 2843 13 3
4463 2844 13 5
4464 2844 13 1
4464 2844 13 1
4462 2838 13 3
4462 2839 13 4
4462 2840 13 3
4462 2841 13 5
4462 2841 13 5
4462 2841 13 5
4462 2842 13 3
4462 2842 13 3
4462 2842 13 3
4462 2843 13 2
4462 2844 13 2
4462 2844 13 2
4463 2845 13 4
4462 2845 13 4
4464 2845 13 6
4464 2845 13 6
4464 2845 13 6
4465 2845 13 3
4465 2845 13 3
4465 2845 13 3
4466 2845 13 8
4466 2845 13 8
4466 2845 13 8
4467 2845 13 9
4467 2845 13 9
4468 2845 13 8
4468 2845 13 8
4461 2839 13 2
4461 2840 13 2
4461 2840 13 2
4461 2841 13 5
4461 2841 13 5
4461 2841 13 5
4461 2842 13 4
4461 2843 13 1
4461 2838 13 4
4461 2844 13 1
4461 2844 13 1
4461 2845 13 6
4460 2838 13 4
4460 2839 13 6
4460 2840 13 2
4460 2841 13 4
4460 2842 13 2
4460 2842 13 2
4460 2842 13 2
4460 2843 13 1
4460 2843 13 1
4460 2844 13 5
4459 2838 13 2
4459 2840 13 4
4459 2839 13 3
4459 2841 13 5
4459 2842 13 4
4459 2843 13 3
4459 2844 13 1
4459 2844 13 1
4459 2845 13 1
4458 2839 13 2
4460 2845 13 1
4458 2840 13 9
4458 2841 13 6
4458 2842 13 7
4458 2842 13 7
4458 2842 13 7
4458 2843 13 5
4458 2843 13 5
4457 2839 13 1
4457 2840 13 4
4458 2844 13 2
4458 2844 13 2
4457 2841 13 8
4457 2841 13 8
4458 2845 13 2
4457 2842 13 3
4457 2842 13 3
4457 2842 13 3
4457 2843 13 4
4457 2843 13 4
4457 2843 13 4
4457 2844 13 5
4457 2844 13 5
4457 2845 13 1
4456 2839 13 3
4456 2841 13 4
4456 2840 13 1
4455 2839 13 2
4456 2842 13 2
4456 2843 13 2
4456 2844 13 1
4455 2840 13 2
4456 2844 13 1
4456 2845 13 2
4455 2841 13 5
4455 2842 13 4
4455 2842 13 4
4455 2842 13 4
4455 2843 13 1
4455 2843 13 1
4454 2839 13 3
4454 2840 13 7
4455 2844 13 1
4455 2844 13 1
4454 2841 13 4
4454 2841 13 4
4454 2841 13 4
4455 2845 13 2
4454 2842 13 2
4454 2842 13 2
4454 2842 13 2
4454 2843 13 2
4454 2843 13 2
4454 2843 13 2
4454 2844 13 3
4454 2844 13 3
4454 2845 13 1
